#
# A fatal error has been detected by the Java Runtime Environment:
#
#  EXCEPTION_ACCESS_VIOLATION (0xc0000005) at pc=0x000000007663e355, pid=7512, tid=9608
#
# JRE version: Java(TM) SE Runtime Environment (8.0_25-b18) (build 1.8.0_25-b18)
# Java VM: Java HotSpot(TM) 64-Bit Server VM (25.25-b02 mixed mode windows-amd64 compressed oops)
# Problematic frame:
# V  [jvm.dll+0x1fe355]
#
# Failed to write core dump. Minidumps are not enabled by default on client versions of Windows
#
# If you would like to submit a bug report, please visit:
#   http://bugreport.sun.com/bugreport/crash.jsp
#

---------------  T H R E A D  ---------------

Current thread (0x00000000030c2800):  JavaThread "main" [_thread_in_Java, id=9608, stack(0x0000000002f80000,0x0000000003080000)]

siginfo: ExceptionCode=0xc0000005, reading address 0x00000000000017c0

Registers:
RAX=0x00000000df6ed428, RBX=0x0000000000000001, RCX=0x0000000003443a80, RDX=0x00000000df6ed428
RSP=0x000000000307b2f0, RBP=0x000000001d0e0ae0, RSI=0x000000001774f2b8, RDI=0x00000000000017a8
R8 =0x0000000081c02f38, R9 =0x0000000081ca7bf0, R10=0x00000000df6ed428, R11=0x00000000034882c0
R12=0x0000000000000000, R13=0x000000000307b160, R14=0x000000000307b278, R15=0x00000000030c2800
RIP=0x000000007663e355, EFLAGS=0x0000000000010206

Top of Stack: (sp=0x000000000307b2f0)
0x000000000307b2f0:   00000000df6eda10 00000000039294d6
0x000000000307b300:   00000000030c0000 00000000fffffe5c
0x000000000307b310:   000000001f9b6e88 000000007652d47a
0x000000000307b320:   000000001d0e0af0 00000000df6ed860
0x000000000307b330:   00000000df6ed548 00000000df6eda10
0x000000000307b340:   00000000fffffe01 00000000000001a3
0x000000000307b350:   000000000307b4a0 0000000003f1ed94
0x000000000307b360:   00000000030b7860 00000000764fecb3
0x000000000307b370:   000000001f9b6e88 00000000000000d8
0x000000000307b380:   00000000030c2800 00000000df6ed9c0
0x000000000307b390:   00000000df6ed9d8 00000000df6ed848
0x000000000307b3a0:   00000000df6ed878 000000000307b439
0x000000000307b3b0:   000000000307b4a0 0000000003f92104
0x000000000307b3c0:   00000000030b8b20 00000000764ec1c7
0x000000000307b3d0:   000000000307f4c8 00000000030c2800
0x000000000307b3e0:   000000000307b439 00000000030c2800 

Instructions: (pc=0x000000007663e355)
0x000000007663e335:   c4 20 5f c3 cc cc cc cc cc cc cc 48 89 74 24 18
0x000000007663e345:   57 48 83 ec 20 c6 01 00 48 8b f9 e8 db 62 00 00
0x000000007663e355:   48 8b 4f 18 48 85 c9 74 18 f6 c1 01 0f 85 e8 00
0x000000007663e365:   00 00 48 8b 74 24 40 48 83 c4 20 5f e9 5a 3b 08 


Register to memory mapping:

RAX=0x00000000df6ed428 is an oop
com.mysql.cj.jdbc.ConnectionImpl$$Lambda$821/749030825 
 - klass: 'com/mysql/cj/jdbc/ConnectionImpl$$Lambda$821'
RBX=0x0000000000000001 is an unknown value
RCX=0x0000000003443a80 is at begin+12 in a stub
MethodHandle::interpreter_entry::_linkToStatic [0x0000000003443a74, 0x0000000003443a98[ (36 bytes)
RDX=0x00000000df6ed428 is an oop
com.mysql.cj.jdbc.ConnectionImpl$$Lambda$821/749030825 
 - klass: 'com/mysql/cj/jdbc/ConnectionImpl$$Lambda$821'
RSP=0x000000000307b2f0 is pointing into the stack for thread: 0x00000000030c2800
RBP=0x000000001d0e0ae0 is an unknown value
RSI={method} {0x000000001774f2c0} 'invoke_L_L' '(Ljava/lang/invoke/MethodHandle;[Ljava/lang/Object;)Ljava/lang/Object;' in 'java/lang/invoke/LambdaForm$NamedFunction'
RDI=0x00000000000017a8 is an unknown value
R8 =0x0000000081c02f38 is an oop
java.lang.invoke.MemberName 
 - klass: 'java/lang/invoke/MemberName'
R9 =0x0000000081ca7bf0 is an oop
java.lang.invoke.MemberName 
 - klass: 'java/lang/invoke/MemberName'
R10=0x00000000df6ed428 is an oop
com.mysql.cj.jdbc.ConnectionImpl$$Lambda$821/749030825 
 - klass: 'com/mysql/cj/jdbc/ConnectionImpl$$Lambda$821'
R11=0x00000000034882c0 is at entry_point+0 in (nmethod*)0x0000000003488190
R12=0x0000000000000000 is an unknown value
R13=0x000000000307b160 is pointing into the stack for thread: 0x00000000030c2800
R14=0x000000000307b278 is pointing into the stack for thread: 0x00000000030c2800
R15=0x00000000030c2800 is a thread


Stack: [0x0000000002f80000,0x0000000003080000],  sp=0x000000000307b2f0,  free space=1004k
Native frames: (J=compiled Java code, j=interpreted, Vv=VM code, C=native code)
V  [jvm.dll+0x1fe355]
V  [jvm.dll+0xed47a]
C  0x00000000df6ed9c0


---------------  P R O C E S S  ---------------

Java Threads: ( => current thread )
  0x000000001cc08000 JavaThread "mysql-cj-abandoned-connection-cleanup" daemon [_thread_blocked, id=7304, stack(0x000000001c220000,0x000000001c320000)]
  0x0000000019476800 JavaThread "Service Thread" daemon [_thread_blocked, id=5856, stack(0x0000000019bd0000,0x0000000019cd0000)]
  0x000000001943c800 JavaThread "C1 CompilerThread2" daemon [_thread_blocked, id=10716, stack(0x0000000019ad0000,0x0000000019bd0000)]
  0x00000000193ea800 JavaThread "C2 CompilerThread1" daemon [_thread_blocked, id=14892, stack(0x00000000199d0000,0x0000000019ad0000)]
  0x00000000193e7800 JavaThread "C2 CompilerThread0" daemon [_thread_blocked, id=8572, stack(0x00000000198d0000,0x00000000199d0000)]
  0x00000000193de800 JavaThread "Monitor Ctrl-Break" daemon [_thread_in_native, id=6392, stack(0x00000000197d0000,0x00000000198d0000)]
  0x0000000017e73800 JavaThread "Attach Listener" daemon [_thread_blocked, id=12284, stack(0x00000000192d0000,0x00000000193d0000)]
  0x0000000017e72000 JavaThread "Signal Dispatcher" daemon [_thread_blocked, id=8056, stack(0x00000000191d0000,0x00000000192d0000)]
  0x0000000017e38000 JavaThread "Finalizer" daemon [_thread_blocked, id=4464, stack(0x00000000190d0000,0x00000000191d0000)]
  0x00000000031b4000 JavaThread "Reference Handler" daemon [_thread_blocked, id=9348, stack(0x0000000018fd0000,0x00000000190d0000)]
=>0x00000000030c2800 JavaThread "main" [_thread_in_Java, id=9608, stack(0x0000000002f80000,0x0000000003080000)]

Other Threads:
  0x0000000017e36800 VMThread [stack: 0x0000000018ed0000,0x0000000018fd0000] [id=2584]
  0x00000000194a6000 WatcherThread [stack: 0x0000000019cd0000,0x0000000019dd0000] [id=3464]

VM state:not at safepoint (normal execution)

VM Mutex/Monitor currently owned by a thread: None

Heap:
 PSYoungGen      total 183296K, used 156535K [0x00000000d5f00000, 0x00000000e3c80000, 0x0000000100000000)
  eden space 175616K, 89% used [0x00000000d5f00000,0x00000000df7dddf0,0x00000000e0a80000)
  from space 7680K, 0% used [0x00000000e1500000,0x00000000e1500000,0x00000000e1c80000)
  to   space 10752K, 0% used [0x00000000e0a80000,0x00000000e0a80000,0x00000000e1500000)
 ParOldGen       total 90112K, used 17491K [0x0000000081c00000, 0x0000000087400000, 0x00000000d5f00000)
  object space 90112K, 19% used [0x0000000081c00000,0x0000000082d14da0,0x0000000087400000)
 Metaspace       used 44077K, capacity 46916K, committed 47144K, reserved 1089536K
  class space    used 6204K, capacity 6691K, committed 6704K, reserved 1048576K

Card table byte_map: [0x0000000012700000,0x0000000012b00000] byte_map_base: 0x00000000122f2000

Marking Bits: (ParMarkBitMap*) 0x0000000076c1d490
 Begin Bits: [0x00000000131b0000, 0x0000000015140000)
 End Bits:   [0x0000000015140000, 0x00000000170d0000)

Polling page: 0x0000000002ec0000

CodeCache: size=245760Kb used=7320Kb max_used=12808Kb free=238439Kb
 bounds [0x0000000003340000, 0x0000000003fd0000, 0x0000000012340000]
 total_blobs=2933 nmethods=2453 adapters=393
 compilation: enabled

Compilation events (10 events):
Event: 16.781 Thread 0x00000000193ea800 5904       4       java.util.zip.ZipEntry::setExtra0 (350 bytes)
Event: 16.784 Thread 0x000000001943c800 5905       3       java.lang.String::<init> (21 bytes)
Event: 16.784 Thread 0x000000001943c800 nmethod 5905 0x0000000003942110 code [0x0000000003942280, 0x00000000039424d8]
Event: 16.784 Thread 0x000000001943c800 5906   !   3       java.lang.StringCoding::decode (64 bytes)
Event: 16.785 Thread 0x000000001943c800 nmethod 5906 0x0000000003940b50 code [0x0000000003940dc0, 0x0000000003941aa8]
Event: 16.785 Thread 0x000000001943c800 5907       1       com.mysql.cj.conf.AbstractRuntimeProperty::getValue (5 bytes)
Event: 16.786 Thread 0x000000001943c800 nmethod 5907 0x0000000003940890 code [0x00000000039409e0, 0x0000000003940af0]
Event: 16.791 Thread 0x00000000193ea800 nmethod 5904 0x000000000393f750 code [0x000000000393f940, 0x00000000039401e8]
Event: 16.920 Thread 0x000000001943c800 5908       1       java.lang.invoke.LambdaForm$Name::access$000 (5 bytes)
Event: 16.920 Thread 0x000000001943c800 nmethod 5908 0x0000000003468790 code [0x00000000034688e0, 0x00000000034689d0]

GC Heap History (10 events):
Event: 5.513 GC heap before
{Heap before GC invocations=6 (full 1):
 PSYoungGen      total 71680K, used 5118K [0x00000000d5f00000, 0x00000000df100000, 0x0000000100000000)
  eden space 66560K, 0% used [0x00000000d5f00000,0x00000000d5f00000,0x00000000da000000)
  from space 5120K, 99% used [0x00000000da000000,0x00000000da4ffa50,0x00000000da500000)
  to   space 8192K, 0% used [0x00000000de900000,0x00000000de900000,0x00000000df100000)
 ParOldGen       total 87552K, used 4099K [0x0000000081c00000, 0x0000000087180000, 0x00000000d5f00000)
  object space 87552K, 4% used [0x0000000081c00000,0x0000000082000c40,0x0000000087180000)
 Metaspace       used 19691K, capacity 21250K, committed 21296K, reserved 1067008K
  class space    used 2563K, capacity 2849K, committed 2864K, reserved 1048576K
Event: 5.575 GC heap after
Heap after GC invocations=6 (full 1):
 PSYoungGen      total 71680K, used 0K [0x00000000d5f00000, 0x00000000df100000, 0x0000000100000000)
  eden space 66560K, 0% used [0x00000000d5f00000,0x00000000d5f00000,0x00000000da000000)
  from space 5120K, 0% used [0x00000000da000000,0x00000000da000000,0x00000000da500000)
  to   space 8192K, 0% used [0x00000000de900000,0x00000000de900000,0x00000000df100000)
 ParOldGen       total 53760K, used 6575K [0x0000000081c00000, 0x0000000085080000, 0x00000000d5f00000)
  object space 53760K, 12% used [0x0000000081c00000,0x000000008226bdc0,0x0000000085080000)
 Metaspace       used 19690K, capacity 21248K, committed 21296K, reserved 1067008K
  class space    used 2562K, capacity 2848K, committed 2864K, reserved 1048576K
}
Event: 6.213 GC heap before
{Heap before GC invocations=7 (full 1):
 PSYoungGen      total 71680K, used 66560K [0x00000000d5f00000, 0x00000000df100000, 0x0000000100000000)
  eden space 66560K, 100% used [0x00000000d5f00000,0x00000000da000000,0x00000000da000000)
  from space 5120K, 0% used [0x00000000da000000,0x00000000da000000,0x00000000da500000)
  to   space 8192K, 0% used [0x00000000de900000,0x00000000de900000,0x00000000df100000)
 ParOldGen       total 53760K, used 6575K [0x0000000081c00000, 0x0000000085080000, 0x00000000d5f00000)
  object space 53760K, 12% used [0x0000000081c00000,0x000000008226bdc0,0x0000000085080000)
 Metaspace       used 22958K, capacity 24636K, committed 24880K, reserved 1071104K
  class space    used 3032K, capacity 3350K, committed 3376K, reserved 1048576K
Event: 6.226 GC heap after
Heap after GC invocations=7 (full 1):
 PSYoungGen      total 116736K, used 5841K [0x00000000d5f00000, 0x00000000def00000, 0x0000000100000000)
  eden space 110592K, 0% used [0x00000000d5f00000,0x00000000d5f00000,0x00000000dcb00000)
  from space 6144K, 95% used [0x00000000de900000,0x00000000deeb4778,0x00000000def00000)
  to   space 8192K, 0% used [0x00000000ddf00000,0x00000000ddf00000,0x00000000de700000)
 ParOldGen       total 53760K, used 6575K [0x0000000081c00000, 0x0000000085080000, 0x00000000d5f00000)
  object space 53760K, 12% used [0x0000000081c00000,0x000000008226bdc0,0x0000000085080000)
 Metaspace       used 22958K, capacity 24636K, committed 24880K, reserved 1071104K
  class space    used 3032K, capacity 3350K, committed 3376K, reserved 1048576K
}
Event: 7.706 GC heap before
{Heap before GC invocations=8 (full 1):
 PSYoungGen      total 116736K, used 116433K [0x00000000d5f00000, 0x00000000def00000, 0x0000000100000000)
  eden space 110592K, 100% used [0x00000000d5f00000,0x00000000dcb00000,0x00000000dcb00000)
  from space 6144K, 95% used [0x00000000de900000,0x00000000deeb4778,0x00000000def00000)
  to   space 8192K, 0% used [0x00000000ddf00000,0x00000000ddf00000,0x00000000de700000)
 ParOldGen       total 53760K, used 6575K [0x0000000081c00000, 0x0000000085080000, 0x00000000d5f00000)
  object space 53760K, 12% used [0x0000000081c00000,0x000000008226bdc0,0x0000000085080000)
 Metaspace       used 25030K, capacity 26912K, committed 26928K, reserved 1073152K
  class space    used 3287K, capacity 3630K, committed 3632K, reserved 1048576K
Event: 7.715 GC heap after
Heap after GC invocations=8 (full 1):
 PSYoungGen      total 139264K, used 5851K [0x00000000d5f00000, 0x00000000e1c80000, 0x0000000100000000)
  eden space 131072K, 0% used [0x00000000d5f00000,0x00000000d5f00000,0x00000000ddf00000)
  from space 8192K, 71% used [0x00000000ddf00000,0x00000000de4b6fa8,0x00000000de700000)
  to   space 7680K, 0% used [0x00000000e1500000,0x00000000e1500000,0x00000000e1c80000)
 ParOldGen       total 53760K, used 6583K [0x0000000081c00000, 0x0000000085080000, 0x00000000d5f00000)
  object space 53760K, 12% used [0x0000000081c00000,0x000000008226ddc0,0x0000000085080000)
 Metaspace       used 25030K, capacity 26912K, committed 26928K, reserved 1073152K
  class space    used 3287K, capacity 3630K, committed 3632K, reserved 1048576K
}
Event: 11.339 GC heap before
{Heap before GC invocations=9 (full 1):
 PSYoungGen      total 139264K, used 134010K [0x00000000d5f00000, 0x00000000e1c80000, 0x0000000100000000)
  eden space 131072K, 97% used [0x00000000d5f00000,0x00000000ddc27c28,0x00000000ddf00000)
  from space 8192K, 71% used [0x00000000ddf00000,0x00000000de4b6fa8,0x00000000de700000)
  to   space 7680K, 0% used [0x00000000e1500000,0x00000000e1500000,0x00000000e1c80000)
 ParOldGen       total 53760K, used 6583K [0x0000000081c00000, 0x0000000085080000, 0x00000000d5f00000)
  object space 53760K, 12% used [0x0000000081c00000,0x000000008226ddc0,0x0000000085080000)
 Metaspace       used 33072K, capacity 35394K, committed 35496K, reserved 1079296K
  class space    used 4622K, capacity 5018K, committed 5040K, reserved 1048576K
Event: 11.357 GC heap after
Heap after GC invocations=9 (full 1):
 PSYoungGen      total 183296K, used 7660K [0x00000000d5f00000, 0x00000000e3c80000, 0x0000000100000000)
  eden space 175616K, 0% used [0x00000000d5f00000,0x00000000d5f00000,0x00000000e0a80000)
  from space 7680K, 99% used [0x00000000e1500000,0x00000000e1c7b180,0x00000000e1c80000)
  to   space 10752K, 0% used [0x00000000e0a80000,0x00000000e0a80000,0x00000000e1500000)
 ParOldGen       total 53760K, used 12199K [0x0000000081c00000, 0x0000000085080000, 0x00000000d5f00000)
  object space 53760K, 22% used [0x0000000081c00000,0x00000000827e9c48,0x0000000085080000)
 Metaspace       used 33072K, capacity 35394K, committed 35496K, reserved 1079296K
  class space    used 4622K, capacity 5018K, committed 5040K, reserved 1048576K
}
Event: 11.357 GC heap before
{Heap before GC invocations=10 (full 2):
 PSYoungGen      total 183296K, used 7660K [0x00000000d5f00000, 0x00000000e3c80000, 0x0000000100000000)
  eden space 175616K, 0% used [0x00000000d5f00000,0x00000000d5f00000,0x00000000e0a80000)
  from space 7680K, 99% used [0x00000000e1500000,0x00000000e1c7b180,0x00000000e1c80000)
  to   space 10752K, 0% used [0x00000000e0a80000,0x00000000e0a80000,0x00000000e1500000)
 ParOldGen       total 53760K, used 12199K [0x0000000081c00000, 0x0000000085080000, 0x00000000d5f00000)
  object space 53760K, 22% used [0x0000000081c00000,0x00000000827e9c48,0x0000000085080000)
 Metaspace       used 33072K, capacity 35394K, committed 35496K, reserved 1079296K
  class space    used 4622K, capacity 5018K, committed 5040K, reserved 1048576K
Event: 11.482 GC heap after
Heap after GC invocations=10 (full 2):
 PSYoungGen      total 183296K, used 0K [0x00000000d5f00000, 0x00000000e3c80000, 0x0000000100000000)
  eden space 175616K, 0% used [0x00000000d5f00000,0x00000000d5f00000,0x00000000e0a80000)
  from space 7680K, 0% used [0x00000000e1500000,0x00000000e1500000,0x00000000e1c80000)
  to   space 10752K, 0% used [0x00000000e0a80000,0x00000000e0a80000,0x00000000e1500000)
 ParOldGen       total 90112K, used 17491K [0x0000000081c00000, 0x0000000087400000, 0x00000000d5f00000)
  object space 90112K, 19% used [0x0000000081c00000,0x0000000082d14da0,0x0000000087400000)
 Metaspace       used 33072K, capacity 35394K, committed 35496K, reserved 1079296K
  class space    used 4622K, capacity 5018K, committed 5040K, reserved 1048576K
}

Deoptimization events (10 events):
Event: 13.391 Thread 0x00000000030c2800 Uncommon trap: reason=class_check action=maybe_recompile pc=0x0000000003fa96d4 method=java.util.concurrent.ConcurrentHashMap.putVal(Ljava/lang/Object;Ljava/lang/Object;Z)Ljava/lang/Object; @ 192
Event: 13.779 Thread 0x00000000030c2800 Uncommon trap: reason=class_check action=maybe_recompile pc=0x0000000003fa96d4 method=java.util.concurrent.ConcurrentHashMap.putVal(Ljava/lang/Object;Ljava/lang/Object;Z)Ljava/lang/Object; @ 192
Event: 13.823 Thread 0x00000000030c2800 Uncommon trap: reason=null_check action=make_not_entrant pc=0x0000000003bd4bf4 method=org.springframework.beans.factory.support.DefaultListableBeanFactory.getBeanDefinition(Ljava/lang/String;)Lorg/springframework/beans/factory/config/BeanDefinition; @ 10
Event: 15.999 Thread 0x00000000030c2800 Uncommon trap: reason=unreached action=reinterpret pc=0x00000000034d7ecc method=java.util.jar.JarFile.getInputStream(Ljava/util/zip/ZipEntry;)Ljava/io/InputStream; @ 37
Event: 16.004 Thread 0x00000000030c2800 Uncommon trap: reason=unreached action=reinterpret pc=0x0000000003e197ec method=java.security.CodeSource.getCertificates()[Ljava/security/cert/Certificate; @ 22
Event: 16.117 Thread 0x00000000030c2800 Uncommon trap: reason=bimorphic action=maybe_recompile pc=0x0000000003dd2f90 method=java.net.URL.<init>(Ljava/net/URL;Ljava/lang/String;Ljava/net/URLStreamHandler;)V @ 504
Event: 16.152 Thread 0x00000000030c2800 Uncommon trap: reason=predicate action=maybe_recompile pc=0x000000000352cc98 method=java.util.TreeMap.put(Ljava/lang/Object;Ljava/lang/Object;)Ljava/lang/Object; @ 132
Event: 16.459 Thread 0x00000000030c2800 Uncommon trap: reason=unreached action=reinterpret pc=0x00000000039006f0 method=sun.util.calendar.AbstractCalendar.getTime(Lsun/util/calendar/CalendarDate;)J @ 34
Event: 16.459 Thread 0x00000000030c2800 Uncommon trap: reason=unreached action=reinterpret pc=0x0000000003477c60 method=sun.util.calendar.AbstractCalendar.getCalendarDate(JLsun/util/calendar/CalendarDate;)Lsun/util/calendar/CalendarDate; @ 20
Event: 16.547 Thread 0x00000000030c2800 Uncommon trap: reason=class_check action=maybe_recompile pc=0x00000000039d7104 method=java.util.Hashtable.put(Ljava/lang/Object;Ljava/lang/Object;)Ljava/lang/Object; @ 18

Internal exceptions (10 events):
Event: 16.776 Thread 0x00000000030c2800 Exception <a 'java/security/PrivilegedActionException'> (0x00000000df65bd98) thrown at [D:\re\workspace\8-2-build-windows-amd64-cygwin\jdk8u25\1677\hotspot\src\share\vm\prims\jvm.cpp, line 1312]
Event: 16.777 Thread 0x00000000030c2800 Exception <a 'java/security/PrivilegedActionException'> (0x00000000df668520) thrown at [D:\re\workspace\8-2-build-windows-amd64-cygwin\jdk8u25\1677\hotspot\src\share\vm\prims\jvm.cpp, line 1312]
Event: 16.778 Thread 0x00000000030c2800 Exception <a 'java/security/PrivilegedActionException'> (0x00000000df676228) thrown at [D:\re\workspace\8-2-build-windows-amd64-cygwin\jdk8u25\1677\hotspot\src\share\vm\prims\jvm.cpp, line 1312]
Event: 16.779 Thread 0x00000000030c2800 Exception <a 'java/security/PrivilegedActionException'> (0x00000000df688aa8) thrown at [D:\re\workspace\8-2-build-windows-amd64-cygwin\jdk8u25\1677\hotspot\src\share\vm\prims\jvm.cpp, line 1312]
Event: 16.780 Thread 0x00000000030c2800 Exception <a 'java/security/PrivilegedActionException'> (0x00000000df699970) thrown at [D:\re\workspace\8-2-build-windows-amd64-cygwin\jdk8u25\1677\hotspot\src\share\vm\prims\jvm.cpp, line 1312]
Event: 16.781 Thread 0x00000000030c2800 Exception <a 'java/security/PrivilegedActionException'> (0x00000000df6a7ca0) thrown at [D:\re\workspace\8-2-build-windows-amd64-cygwin\jdk8u25\1677\hotspot\src\share\vm\prims\jvm.cpp, line 1312]
Event: 16.782 Thread 0x00000000030c2800 Exception <a 'java/security/PrivilegedActionException'> (0x00000000df6b9b20) thrown at [D:\re\workspace\8-2-build-windows-amd64-cygwin\jdk8u25\1677\hotspot\src\share\vm\prims\jvm.cpp, line 1312]
Event: 16.783 Thread 0x00000000030c2800 Exception <a 'java/security/PrivilegedActionException'> (0x00000000df6c4bd8) thrown at [D:\re\workspace\8-2-build-windows-amd64-cygwin\jdk8u25\1677\hotspot\src\share\vm\prims\jvm.cpp, line 1312]
Event: 16.784 Thread 0x00000000030c2800 Exception <a 'java/security/PrivilegedActionException'> (0x00000000df6d2918) thrown at [D:\re\workspace\8-2-build-windows-amd64-cygwin\jdk8u25\1677\hotspot\src\share\vm\prims\jvm.cpp, line 1312]
Event: 16.915 Thread 0x00000000030c2800 Exception <a 'java/security/PrivilegedActionException'> (0x00000000df6ddf80) thrown at [D:\re\workspace\8-2-build-windows-amd64-cygwin\jdk8u25\1677\hotspot\src\share\vm\prims\jvm.cpp, line 1312]

Events (10 events):
Event: 16.784 loading class com/mysql/cj/LicenseConfiguration
Event: 16.784 loading class com/mysql/cj/LicenseConfiguration done
Event: 16.915 loading class com/mysql/cj/jdbc/exceptions/NotUpdatable
Event: 16.915 loading class com/mysql/cj/jdbc/exceptions/NotUpdatable done
Event: 16.917 loading class java/sql/ResultSetMetaData
Event: 16.917 loading class java/sql/ResultSetMetaData done
Event: 16.920 loading class com/mysql/cj/interceptors/QueryInterceptor
Event: 16.920 loading class com/mysql/cj/interceptors/QueryInterceptor done
Event: 16.920 loading class com/mysql/cj/interceptors/QueryInterceptor
Event: 16.920 loading class com/mysql/cj/interceptors/QueryInterceptor done


Dynamic libraries:
0x00007ff69e2f0000 - 0x00007ff69e324000 	C:\Program Files\Java\jdk1.8.0_25\bin\java.exe
0x00007ffffc330000 - 0x00007ffffc525000 	C:\WINDOWS\SYSTEM32\ntdll.dll
0x00007ffffa940000 - 0x00007ffffa9fd000 	C:\WINDOWS\System32\KERNEL32.DLL
0x00007ffff9ad0000 - 0x00007ffff9d9d000 	C:\WINDOWS\System32\KERNELBASE.dll
0x00007ffffbd20000 - 0x00007ffffbdce000 	C:\WINDOWS\System32\ADVAPI32.dll
0x00007ffffbc80000 - 0x00007ffffbd1e000 	C:\WINDOWS\System32\msvcrt.dll
0x00007ffffbbe0000 - 0x00007ffffbc7c000 	C:\WINDOWS\System32\sechost.dll
0x00007ffffaa00000 - 0x00007ffffab25000 	C:\WINDOWS\System32\RPCRT4.dll
0x00007ffffb9f0000 - 0x00007ffffbb90000 	C:\WINDOWS\System32\USER32.dll
0x00007ffff9f00000 - 0x00007ffff9f22000 	C:\WINDOWS\System32\win32u.dll
0x00007ffffbbb0000 - 0x00007ffffbbda000 	C:\WINDOWS\System32\GDI32.dll
0x00007ffffa0b0000 - 0x00007ffffa1bb000 	C:\WINDOWS\System32\gdi32full.dll
0x00007ffff9f30000 - 0x00007ffff9fcd000 	C:\WINDOWS\System32\msvcp_win.dll
0x00007ffffa230000 - 0x00007ffffa330000 	C:\WINDOWS\System32\ucrtbase.dll
0x00007fffe9360000 - 0x00007fffe95fa000 	C:\WINDOWS\WinSxS\amd64_microsoft.windows.common-controls_6595b64144ccf1df_6.0.19041.1110_none_60b5254171f9507e\COMCTL32.dll
0x00007ffffa430000 - 0x00007ffffa460000 	C:\WINDOWS\System32\IMM32.DLL
0x0000000077ba0000 - 0x0000000077c72000 	C:\Program Files\Java\jdk1.8.0_25\jre\bin\msvcr100.dll
0x0000000076440000 - 0x0000000076c9a000 	C:\Program Files\Java\jdk1.8.0_25\jre\bin\server\jvm.dll
0x00007ffffb980000 - 0x00007ffffb988000 	C:\WINDOWS\System32\PSAPI.DLL
0x00007fffe7740000 - 0x00007fffe7749000 	C:\WINDOWS\SYSTEM32\WSOCK32.dll
0x00007ffffb7e0000 - 0x00007ffffb84b000 	C:\WINDOWS\System32\WS2_32.dll
0x00007fffea5f0000 - 0x00007fffea617000 	C:\WINDOWS\SYSTEM32\WINMM.dll
0x0000000050000000 - 0x000000005000f000 	C:\Program Files\Java\jdk1.8.0_25\jre\bin\verify.dll
0x0000000077ce0000 - 0x0000000077d08000 	C:\Program Files\Java\jdk1.8.0_25\jre\bin\java.dll
0x0000000077ae0000 - 0x0000000077b03000 	C:\Program Files\Java\jdk1.8.0_25\jre\bin\instrument.dll
0x0000000077b80000 - 0x0000000077b96000 	C:\Program Files\Java\jdk1.8.0_25\jre\bin\zip.dll
0x00007ffffac90000 - 0x00007ffffb3d4000 	C:\WINDOWS\System32\SHELL32.dll
0x00007ffff7b00000 - 0x00007ffff8294000 	C:\WINDOWS\SYSTEM32\windows.storage.dll
0x00007ffffbf10000 - 0x00007ffffc264000 	C:\WINDOWS\System32\combase.dll
0x00007ffff93d0000 - 0x00007ffff93fc000 	C:\WINDOWS\SYSTEM32\Wldp.dll
0x00007ffffa380000 - 0x00007ffffa42d000 	C:\WINDOWS\System32\SHCORE.dll
0x00007ffffa8e0000 - 0x00007ffffa935000 	C:\WINDOWS\System32\shlwapi.dll
0x00007ffff9980000 - 0x00007ffff999f000 	C:\WINDOWS\SYSTEM32\profapi.dll
0x00007ffff3fe0000 - 0x00007ffff3ffa000 	C:\Program Files\JetBrains\IntelliJ IDEA Community Edition 2021.3.3\bin\breakgen64.dll
0x0000000077b60000 - 0x0000000077b7a000 	C:\Program Files\Java\jdk1.8.0_25\jre\bin\net.dll
0x00007ffff9110000 - 0x00007ffff917a000 	C:\WINDOWS\system32\mswsock.dll
0x0000000077b40000 - 0x0000000077b51000 	C:\Program Files\Java\jdk1.8.0_25\jre\bin\nio.dll
0x0000000077ad0000 - 0x0000000077add000 	C:\Program Files\Java\jdk1.8.0_25\jre\bin\management.dll
0x00007ffff5530000 - 0x00007ffff5547000 	C:\WINDOWS\system32\napinsp.dll
0x00007ffff5510000 - 0x00007ffff552b000 	C:\WINDOWS\system32\pnrpnsp.dll
0x00007ffff4370000 - 0x00007ffff4385000 	C:\WINDOWS\system32\wshbth.dll
0x00007ffff53e0000 - 0x00007ffff53fd000 	C:\WINDOWS\system32\NLAapi.dll
0x00007ffff8df0000 - 0x00007ffff8e2b000 	C:\WINDOWS\SYSTEM32\IPHLPAPI.DLL
0x00007ffff8e30000 - 0x00007ffff8efb000 	C:\WINDOWS\SYSTEM32\DNSAPI.dll
0x00007ffffb7d0000 - 0x00007ffffb7d8000 	C:\WINDOWS\System32\NSI.dll
0x00007ffff54f0000 - 0x00007ffff5502000 	C:\WINDOWS\System32\winrnr.dll
0x00007ffff0090000 - 0x00007ffff009a000 	C:\Windows\System32\rasadhlp.dll
0x00007fffeaf30000 - 0x00007fffeafb0000 	C:\WINDOWS\System32\fwpuclnt.dll
0x00007ffff9fd0000 - 0x00007ffff9ff7000 	C:\WINDOWS\System32\bcrypt.dll
0x00007ffff9300000 - 0x00007ffff9318000 	C:\WINDOWS\SYSTEM32\CRYPTSP.dll
0x00007ffff8a70000 - 0x00007ffff8aa4000 	C:\WINDOWS\system32\rsaenh.dll
0x00007ffff9940000 - 0x00007ffff996e000 	C:\WINDOWS\SYSTEM32\USERENV.dll
0x00007ffff9a40000 - 0x00007ffff9ac2000 	C:\WINDOWS\System32\bcryptprimitives.dll
0x00007ffff9320000 - 0x00007ffff932c000 	C:\WINDOWS\SYSTEM32\CRYPTBASE.dll
0x00007ffff1b20000 - 0x00007ffff1b37000 	C:\WINDOWS\SYSTEM32\dhcpcsvc6.DLL
0x00007ffff0f80000 - 0x00007ffff0f9d000 	C:\WINDOWS\SYSTEM32\dhcpcsvc.DLL
0x0000000077b10000 - 0x0000000077b34000 	C:\Program Files\Java\jdk1.8.0_25\jre\bin\sunec.dll
0x00007fffe6d30000 - 0x00007fffe6f14000 	C:\WINDOWS\SYSTEM32\dbghelp.dll

VM Arguments:
jvm_args: -ea -Didea.test.cyclic.buffer.size=1048576 -javaagent:C:\Program Files\JetBrains\IntelliJ IDEA Community Edition 2021.3.3\lib\idea_rt.jar=52678:C:\Program Files\JetBrains\IntelliJ IDEA Community Edition 2021.3.3\bin -Dfile.encoding=UTF-8 
java_command: com.intellij.rt.junit.JUnitStarter -ideVersion5 -junit5 com.team5.api2.PaymentsControllerTest
java_class_path (initial): C:\Users\Nisarg\.m2\repository\org\junit\platform\junit-platform-launcher\1.8.2\junit-platform-launcher-1.8.2.jar;C:\Program Files\JetBrains\IntelliJ IDEA Community Edition 2021.3.3\lib\idea_rt.jar;C:\Program Files\JetBrains\IntelliJ IDEA Community Edition 2021.3.3\plugins\junit\lib\junit5-rt.jar;C:\Program Files\JetBrains\IntelliJ IDEA Community Edition 2021.3.3\plugins\junit\lib\junit-rt.jar;C:\Program Files\Java\jdk1.8.0_25\jre\lib\charsets.jar;C:\Program Files\Java\jdk1.8.0_25\jre\lib\deploy.jar;C:\Program Files\Java\jdk1.8.0_25\jre\lib\ext\access-bridge-64.jar;C:\Program Files\Java\jdk1.8.0_25\jre\lib\ext\cldrdata.jar;C:\Program Files\Java\jdk1.8.0_25\jre\lib\ext\dnsns.jar;C:\Program Files\Java\jdk1.8.0_25\jre\lib\ext\jaccess.jar;C:\Program Files\Java\jdk1.8.0_25\jre\lib\ext\jfxrt.jar;C:\Program Files\Java\jdk1.8.0_25\jre\lib\ext\localedata.jar;C:\Program Files\Java\jdk1.8.0_25\jre\lib\ext\nashorn.jar;C:\Program Files\Java\jdk1.8.0_25\jre\lib\ext\sunec.jar;C:\Program Files\Java\jdk1.8.0_25\jre\lib\ext\sunjce_provider.jar;C:\Program Files\Java\jdk1.8.0_25\jre\lib\ext\sunmscapi.jar;C:\Program Files\Java\jdk1.8.0_25\jre\lib\ext\sunpkcs11.jar;C:\Program Files\Java\jdk1.8.0_25\jre\lib\ext\zipfs.jar;C:\Program Files\Java\jdk1.8.0_25\jre\lib\javaws.jar;C:\Program Files\Java\jdk1.8.0_25\jre\lib\jce.jar;C:\Program Files\Java\jdk1.8.0_25\jre\lib\jfr.jar;C:\Program Files\Java\jdk1.8.0_25\jre\lib\jfxswt.jar;C:\Program Files\Java\jdk1.8.0_25\jre\lib\jsse.jar;C:\Program Files\Java\jdk1.8.0_25\jre\lib\management-agent.jar;C:\Program Files\Java\jdk1.8.0_25\jre\lib\plugin.jar;C:\Program Files\Java\jdk1.8.0_25\jre\lib\resources.jar;C:\Program Files\Java\jdk1.8.0_25\jre\lib\rt.jar;C:\Users\Nisarg\OneDrive\Revature-2022\Project_2\Team5-P2\api2\target\test-classes;C:\Users\Nisarg\OneDrive\Revature-2022\Project_2\Team5-P2\api2\target\classes;C:\Users\Nisarg\.m2\repository\org\springframework\boot\spring-boot-starter-web\2.6.7\spring-boot-starter-web-2.6.
Launcher Type: SUN_STANDARD

Environment Variables:
PATH=C:\Program Files (x86)\Common Files\Oracle\Java\javapath;C:\ProgramData\Oracle\Java\javapath;C:\WINDOWS\system32;C:\WINDOWS;C:\WINDOWS\System32\Wbem;C:\WINDOWS\System32\WindowsPowerShell\v1.0\;C:\WINDOWS\System32\OpenSSH\;C:\Program Files\Microsoft SQL Server\Client SDK\ODBC\130\Tools\Binn\;C:\Program Files (x86)\Microsoft SQL Server\130\Tools\Binn\;C:\Program Files\Microsoft SQL Server\130\Tools\Binn\;C:\Program Files\Microsoft SQL Server\130\DTS\Binn\;C:\Program Files\Git\cmd;C:\Program Files\nodejs\;C:\Program Files\Docker\Docker\resources\bin;C:\ProgramData\DockerDesktop\version-bin;C:\Program Files\Kubernetes\Minikube;C:\Users\Nisarg\AppData\Local\Microsoft\WindowsApps;;D:\Software\Microsoft VS Code\bin;C:\Users\Nisarg\AppData\Roaming\npm
USERNAME=Nisarg
OS=Windows_NT
PROCESSOR_IDENTIFIER=Intel64 Family 6 Model 69 Stepping 1, GenuineIntel



---------------  S Y S T E M  ---------------

OS: Windows 8.1 , 64 bit Build 9600 

CPU:total 4 (2 cores per cpu, 2 threads per core) family 6 model 69 stepping 1, cmov, cx8, fxsr, mmx, sse, sse2, sse3, ssse3, sse4.1, sse4.2, popcnt, avx, avx2, aes, clmul, erms, lzcnt, ht, tsc, tscinvbit, bmi1, bmi2

Memory: 4k page, physical 8266712k(1825236k free), swap 13771736k(3409804k free)

vm_info: Java HotSpot(TM) 64-Bit Server VM (25.25-b02) for windows-amd64 JRE (1.8.0_25-b18), built on Oct  7 2014 14:25:37 by "java_re" with MS VC++ 10.0 (VS2010)

time: Fri May 20 10:54:40 2022
elapsed time: 16 seconds (0d 0h 0m 16s)

