#
# A fatal error has been detected by the Java Runtime Environment:
#
#  EXCEPTION_ACCESS_VIOLATION (0xc0000005) at pc=0x000000000000003b, pid=2504, tid=2744
#
# JRE version: Java(TM) SE Runtime Environment (8.0_25-b18) (build 1.8.0_25-b18)
# Java VM: Java HotSpot(TM) 64-Bit Server VM (25.25-b02 mixed mode windows-amd64 compressed oops)
# Problematic frame:
# C  0x000000000000003b
#
# Failed to write core dump. Minidumps are not enabled by default on client versions of Windows
#
# If you would like to submit a bug report, please visit:
#   http://bugreport.sun.com/bugreport/crash.jsp
#

---------------  T H R E A D  ---------------

Current thread (0x0000000000dbe000):  JavaThread "main" [_thread_in_Java, id=2744, stack(0x00000000026e0000,0x00000000027e0000)]

siginfo: ExceptionCode=0xc0000005, ExceptionInformation=0x0000000000000008 0x000000000000003b

Registers:
RAX=0x00000000820308d0, RBX=0x00000000171f8b58, RCX=0x0000000002b8a380, RDX=0x00000000820308d0
RSP=0x00000000027dc170, RBP=0x0000000002a877b0, RSI=0x0000000016eef420, RDI=0x0000000000001c88
R8 =0x0000000081c01fb0, R9 =0x0000000081ce6368, R10=0x00000000820308d0, R11=0x0000000002b88c40
R12=0x0000000000000000, R13=0x00000000027dc160, R14=0x0000000000000001, R15=0x0000000000dbe000
RIP=0x000000000000003b, EFLAGS=0x0000000000010246

Top of Stack: (sp=0x00000000027dc170)
0x00000000027dc170:   0000000081e21a78 0000000000000000
0x00000000027dc180:   00000000027dc1b0 0000000002b876dc
0x00000000027dc190:   0000000002b876dc 00000000820308d0
0x00000000027dc1a0:   0000000081c01f90 0000000002b876dc
0x00000000027dc1b0:   0000000000000000 00000000027dc210
0x00000000027dc1c0:   00000000027dc350 00000000036ff344
0x00000000027dc1d0:   0000000081e21a78 0000000000000000
0x00000000027dc1e0:   00000000027dc210 0000000003a3697c
0x00000000027dc1f0:   0000000003a3697c 0000000003a3697c
0x00000000027dc200:   00000000e5c25cd8 0000000081c01f90
0x00000000027dc210:   0000000000000000 0000000000dbe000
0x00000000027dc220:   0000000000000000 0000000000000001
0x00000000027dc230:   0000000000dbd820 00000000764ed64d
0x00000000027dc240:   00000000027df428 0000000000200030
0x00000000027dc250:   00000000027dc280 0000000003bc6a94
0x00000000027dc260:   0000000003bc6a94 00000000e5c25cd8 

Instructions: (pc=0x000000000000003b)
0x000000000000001b:   
[error occurred during error reporting (printing registers, top of stack, instructions near pc), id 0xc0000005]

Register to memory mapping:

RAX=0x00000000820308d0 is an oop
org.springframework.boot.context.config.AnsiOutputApplicationListener$$Lambda$435/513907863 
 - klass: 'org/springframework/boot/context/config/AnsiOutputApplicationListener$$Lambda$435'
RBX={method} {0x00000000171f8b60} 'identity' '(Ljava/lang/Object;)Ljava/lang/Object;' in 'sun/invoke/util/ValueConversions'
RCX=0x0000000002b8a380 is at begin+12 in a stub
MethodHandle::interpreter_entry::_linkToStatic [0x0000000002b8a374, 0x0000000002b8a398[ (36 bytes)
RDX=0x00000000820308d0 is an oop
org.springframework.boot.context.config.AnsiOutputApplicationListener$$Lambda$435/513907863 
 - klass: 'org/springframework/boot/context/config/AnsiOutputApplicationListener$$Lambda$435'
RSP=0x00000000027dc170 is pointing into the stack for thread: 0x0000000000dbe000
RBP=0x0000000002a877b0 is at code_begin+1456 in an Interpreter codelet
invoke return entry points  [0x0000000002a87200, 0x0000000002a87b00]  2304 bytes
RSI={method} {0x0000000016eef428} 'invoke_L_L' '(Ljava/lang/invoke/MethodHandle;[Ljava/lang/Object;)Ljava/lang/Object;' in 'java/lang/invoke/LambdaForm$NamedFunction'
RDI=0x0000000000001c88 is an unknown value
R8 =0x0000000081c01fb0 is an oop
java.lang.invoke.MemberName 
 - klass: 'java/lang/invoke/MemberName'
R9 =0x0000000081ce6368 is an oop
java.lang.invoke.MemberName 
 - klass: 'java/lang/invoke/MemberName'
R10=0x00000000820308d0 is an oop
org.springframework.boot.context.config.AnsiOutputApplicationListener$$Lambda$435/513907863 
 - klass: 'org/springframework/boot/context/config/AnsiOutputApplicationListener$$Lambda$435'
R11=0x0000000002b88c40 is at entry_point+0 in (nmethod*)0x0000000002b88b10
R12=0x0000000000000000 is an unknown value
R13=0x00000000027dc160 is pointing into the stack for thread: 0x0000000000dbe000
R14=0x0000000000000001 is an unknown value
R15=0x0000000000dbe000 is a thread


Stack: [0x00000000026e0000,0x00000000027e0000],  sp=0x00000000027dc170,  free space=1008k
Native frames: (J=compiled Java code, j=interpreted, Vv=VM code, C=native code)
C  0x000000000000003b


---------------  P R O C E S S  ---------------

Java Threads: ( => current thread )
  0x000000001ca5d800 JavaThread "mysql-cj-abandoned-connection-cleanup" daemon [_thread_blocked, id=10992, stack(0x000000001d4d0000,0x000000001d5d0000)]
  0x000000001a3e8000 JavaThread "surefire-forkedjvm-ping-30s" daemon [_thread_blocked, id=2408, stack(0x000000001b030000,0x000000001b130000)]
  0x0000000019326800 JavaThread "surefire-forkedjvm-command-thread" daemon [_thread_in_native, id=9364, stack(0x0000000019f60000,0x000000001a060000)]
  0x000000001909b800 JavaThread "Service Thread" daemon [_thread_blocked, id=11600, stack(0x0000000019d60000,0x0000000019e60000)]
  0x0000000019111800 JavaThread "C1 CompilerThread2" daemon [_thread_blocked, id=12256, stack(0x0000000019c60000,0x0000000019d60000)]
  0x0000000019110800 JavaThread "C2 CompilerThread1" daemon [_thread_blocked, id=15228, stack(0x0000000019b60000,0x0000000019c60000)]
  0x00000000191a0800 JavaThread "C2 CompilerThread0" daemon [_thread_blocked, id=3828, stack(0x0000000019a60000,0x0000000019b60000)]
  0x00000000175ad000 JavaThread "Attach Listener" daemon [_thread_blocked, id=1692, stack(0x0000000018a20000,0x0000000018b20000)]
  0x00000000175ac000 JavaThread "Signal Dispatcher" daemon [_thread_blocked, id=8028, stack(0x0000000018920000,0x0000000018a20000)]
  0x0000000002a75000 JavaThread "Finalizer" daemon [_thread_blocked, id=11340, stack(0x0000000018820000,0x0000000018920000)]
  0x0000000002a6c000 JavaThread "Reference Handler" daemon [_thread_blocked, id=9388, stack(0x0000000018720000,0x0000000018820000)]
=>0x0000000000dbe000 JavaThread "main" [_thread_in_Java, id=2744, stack(0x00000000026e0000,0x00000000027e0000)]

Other Threads:
  0x0000000017577000 VMThread [stack: 0x0000000018620000,0x0000000018720000] [id=12672]
  0x0000000019166000 WatcherThread [stack: 0x0000000019e60000,0x0000000019f60000] [id=11392]

VM state:not at safepoint (normal execution)

VM Mutex/Monitor currently owned by a thread: None

Heap:
 PSYoungGen      total 333824K, used 274988K [0x00000000d5f00000, 0x00000000ef280000, 0x0000000100000000)
  eden space 322560K, 81% used [0x00000000d5f00000,0x00000000e6091fe8,0x00000000e9a00000)
  from space 11264K, 99% used [0x00000000e9a00000,0x00000000ea4f92f8,0x00000000ea500000)
  to   space 13312K, 0% used [0x00000000ee580000,0x00000000ee580000,0x00000000ef280000)
 ParOldGen       total 93184K, used 15633K [0x0000000081c00000, 0x0000000087700000, 0x00000000d5f00000)
  object space 93184K, 16% used [0x0000000081c00000,0x0000000082b44758,0x0000000087700000)
 Metaspace       used 53143K, capacity 56052K, committed 56192K, reserved 1097728K
  class space    used 6800K, capacity 7263K, committed 7296K, reserved 1048576K

Card table byte_map: [0x0000000011e40000,0x0000000012240000] byte_map_base: 0x0000000011a32000

Marking Bits: (ParMarkBitMap*) 0x0000000076c1d490
 Begin Bits: [0x00000000128f0000, 0x0000000014880000)
 End Bits:   [0x0000000014880000, 0x0000000016810000)

Polling page: 0x0000000000dd0000

CodeCache: size=245760Kb used=10873Kb max_used=18506Kb free=234887Kb
 bounds [0x0000000002a80000, 0x0000000003cb0000, 0x0000000011a80000]
 total_blobs=3989 nmethods=3527 adapters=374
 compilation: enabled

Compilation events (10 events):
Event: 25.382 Thread 0x0000000019110800 8807       4       java.util.stream.ReferencePipeline$StatelessOp::opIsStateful (2 bytes)
Event: 25.382 Thread 0x0000000019110800 nmethod 8807 0x00000000036de790 code [0x00000000036de8c0, 0x00000000036de918]
Event: 25.382 Thread 0x0000000019110800 8744       4       java.util.HashMap$KeySet::size (8 bytes)
Event: 25.382 Thread 0x0000000019111800 nmethod 8892 0x00000000036e2bd0 code [0x00000000036e2e00, 0x00000000036e3d98]
Event: 25.382 Thread 0x00000000191a0800 nmethod 8808 0x00000000036e60d0 code [0x00000000036e6200, 0x00000000036e6278]
Event: 25.382 Thread 0x00000000191a0800 8725       4       java.util.stream.Sink::begin (1 bytes)
Event: 25.383 Thread 0x00000000191a0800 nmethod 8725 0x00000000036e5ed0 code [0x00000000036e6000, 0x00000000036e6058]
Event: 25.383 Thread 0x0000000019110800 nmethod 8744 0x00000000036e5c90 code [0x00000000036e5dc0, 0x00000000036e5e38]
Event: 25.383 Thread 0x00000000191a0800 8893       4       org.springframework.boot.context.properties.source.SoftReferenceConfigurationPropertyCache::$jacocoInit (52 bytes)
Event: 25.383 Thread 0x00000000191a0800 nmethod 8893 0x00000000036e5a90 code [0x00000000036e5bc0, 0x00000000036e5c18]

GC Heap History (10 events):
Event: 8.671 GC heap before
{Heap before GC invocations=7 (full 1):
 PSYoungGen      total 138240K, used 133120K [0x00000000d5f00000, 0x00000000e7300000, 0x0000000100000000)
  eden space 133120K, 100% used [0x00000000d5f00000,0x00000000de100000,0x00000000de100000)
  from space 5120K, 0% used [0x00000000de100000,0x00000000de100000,0x00000000de600000)
  to   space 8192K, 0% used [0x00000000e6b00000,0x00000000e6b00000,0x00000000e7300000)
 ParOldGen       total 56832K, used 7620K [0x0000000081c00000, 0x0000000085380000, 0x00000000d5f00000)
  object space 56832K, 13% used [0x0000000081c00000,0x0000000082371000,0x0000000085380000)
 Metaspace       used 23984K, capacity 25544K, committed 25728K, reserved 1071104K
  class space    used 2853K, capacity 3126K, committed 3200K, reserved 1048576K
Event: 8.678 GC heap after
Heap after GC invocations=7 (full 1):
 PSYoungGen      total 215040K, used 4157K [0x00000000d5f00000, 0x00000000e6f80000, 0x0000000100000000)
  eden space 210432K, 0% used [0x00000000d5f00000,0x00000000d5f00000,0x00000000e2c80000)
  from space 4608K, 90% used [0x00000000e6b00000,0x00000000e6f0f590,0x00000000e6f80000)
  to   space 8192K, 0% used [0x00000000e5f80000,0x00000000e5f80000,0x00000000e6780000)
 ParOldGen       total 56832K, used 7628K [0x0000000081c00000, 0x0000000085380000, 0x00000000d5f00000)
  object space 56832K, 13% used [0x0000000081c00000,0x0000000082373000,0x0000000085380000)
 Metaspace       used 23984K, capacity 25544K, committed 25728K, reserved 1071104K
  class space    used 2853K, capacity 3126K, committed 3200K, reserved 1048576K
}
Event: 10.753 GC heap before
{Heap before GC invocations=8 (full 1):
 PSYoungGen      total 215040K, used 214589K [0x00000000d5f00000, 0x00000000e6f80000, 0x0000000100000000)
  eden space 210432K, 100% used [0x00000000d5f00000,0x00000000e2c80000,0x00000000e2c80000)
  from space 4608K, 90% used [0x00000000e6b00000,0x00000000e6f0f590,0x00000000e6f80000)
  to   space 8192K, 0% used [0x00000000e5f80000,0x00000000e5f80000,0x00000000e6780000)
 ParOldGen       total 56832K, used 7628K [0x0000000081c00000, 0x0000000085380000, 0x00000000d5f00000)
  object space 56832K, 13% used [0x0000000081c00000,0x0000000082373000,0x0000000085380000)
 Metaspace       used 28736K, capacity 30592K, committed 30720K, reserved 1077248K
  class space    used 3397K, capacity 3732K, committed 3840K, reserved 1048576K
Event: 10.765 GC heap after
Heap after GC invocations=8 (full 1):
 PSYoungGen      total 270848K, used 8177K [0x00000000d5f00000, 0x00000000eae80000, 0x0000000100000000)
  eden space 262656K, 0% used [0x00000000d5f00000,0x00000000d5f00000,0x00000000e5f80000)
  from space 8192K, 99% used [0x00000000e5f80000,0x00000000e677c5f8,0x00000000e6780000)
  to   space 9728K, 0% used [0x00000000ea500000,0x00000000ea500000,0x00000000eae80000)
 ParOldGen       total 56832K, used 8372K [0x0000000081c00000, 0x0000000085380000, 0x00000000d5f00000)
  object space 56832K, 14% used [0x0000000081c00000,0x000000008242d068,0x0000000085380000)
 Metaspace       used 28736K, capacity 30592K, committed 30720K, reserved 1077248K
  class space    used 3397K, capacity 3732K, committed 3840K, reserved 1048576K
}
Event: 12.898 GC heap before
{Heap before GC invocations=9 (full 1):
 PSYoungGen      total 270848K, used 153080K [0x00000000d5f00000, 0x00000000eae80000, 0x0000000100000000)
  eden space 262656K, 55% used [0x00000000d5f00000,0x00000000dec81c40,0x00000000e5f80000)
  from space 8192K, 99% used [0x00000000e5f80000,0x00000000e677c5f8,0x00000000e6780000)
  to   space 9728K, 0% used [0x00000000ea500000,0x00000000ea500000,0x00000000eae80000)
 ParOldGen       total 56832K, used 8372K [0x0000000081c00000, 0x0000000085380000, 0x00000000d5f00000)
  object space 56832K, 14% used [0x0000000081c00000,0x000000008242d068,0x0000000085380000)
 Metaspace       used 33227K, capacity 35442K, committed 35496K, reserved 1081344K
  class space    used 3975K, capacity 4337K, committed 4352K, reserved 1048576K
Event: 12.917 GC heap after
Heap after GC invocations=9 (full 1):
 PSYoungGen      total 332288K, used 9721K [0x00000000d5f00000, 0x00000000efc00000, 0x0000000100000000)
  eden space 322560K, 0% used [0x00000000d5f00000,0x00000000d5f00000,0x00000000e9a00000)
  from space 9728K, 99% used [0x00000000ea500000,0x00000000eae7e4c8,0x00000000eae80000)
  to   space 11264K, 0% used [0x00000000e9a00000,0x00000000e9a00000,0x00000000ea500000)
 ParOldGen       total 56832K, used 8380K [0x0000000081c00000, 0x0000000085380000, 0x00000000d5f00000)
  object space 56832K, 14% used [0x0000000081c00000,0x000000008242f068,0x0000000085380000)
 Metaspace       used 33227K, capacity 35442K, committed 35496K, reserved 1081344K
  class space    used 3975K, capacity 4337K, committed 4352K, reserved 1048576K
}
Event: 12.917 GC heap before
{Heap before GC invocations=10 (full 2):
 PSYoungGen      total 332288K, used 9721K [0x00000000d5f00000, 0x00000000efc00000, 0x0000000100000000)
  eden space 322560K, 0% used [0x00000000d5f00000,0x00000000d5f00000,0x00000000e9a00000)
  from space 9728K, 99% used [0x00000000ea500000,0x00000000eae7e4c8,0x00000000eae80000)
  to   space 11264K, 0% used [0x00000000e9a00000,0x00000000e9a00000,0x00000000ea500000)
 ParOldGen       total 56832K, used 8380K [0x0000000081c00000, 0x0000000085380000, 0x00000000d5f00000)
  object space 56832K, 14% used [0x0000000081c00000,0x000000008242f068,0x0000000085380000)
 Metaspace       used 33227K, capacity 35442K, committed 35496K, reserved 1081344K
  class space    used 3975K, capacity 4337K, committed 4352K, reserved 1048576K
Event: 13.048 GC heap after
Heap after GC invocations=10 (full 2):
 PSYoungGen      total 332288K, used 0K [0x00000000d5f00000, 0x00000000efc00000, 0x0000000100000000)
  eden space 322560K, 0% used [0x00000000d5f00000,0x00000000d5f00000,0x00000000e9a00000)
  from space 9728K, 0% used [0x00000000ea500000,0x00000000ea500000,0x00000000eae80000)
  to   space 11264K, 0% used [0x00000000e9a00000,0x00000000e9a00000,0x00000000ea500000)
 ParOldGen       total 93184K, used 14103K [0x0000000081c00000, 0x0000000087700000, 0x00000000d5f00000)
  object space 93184K, 15% used [0x0000000081c00000,0x00000000829c5d70,0x0000000087700000)
 Metaspace       used 33227K, capacity 35442K, committed 35496K, reserved 1081344K
  class space    used 3975K, capacity 4337K, committed 4352K, reserved 1048576K
}
Event: 20.451 GC heap before
{Heap before GC invocations=11 (full 2):
 PSYoungGen      total 332288K, used 322560K [0x00000000d5f00000, 0x00000000efc00000, 0x0000000100000000)
  eden space 322560K, 100% used [0x00000000d5f00000,0x00000000e9a00000,0x00000000e9a00000)
  from space 9728K, 0% used [0x00000000ea500000,0x00000000ea500000,0x00000000eae80000)
  to   space 11264K, 0% used [0x00000000e9a00000,0x00000000e9a00000,0x00000000ea500000)
 ParOldGen       total 93184K, used 14103K [0x0000000081c00000, 0x0000000087700000, 0x00000000d5f00000)
  object space 93184K, 15% used [0x0000000081c00000,0x00000000829c5d70,0x0000000087700000)
 Metaspace       used 45012K, capacity 47660K, committed 48000K, reserved 1091584K
  class space    used 5764K, capacity 6185K, committed 6272K, reserved 1048576K
Event: 20.482 GC heap after
Heap after GC invocations=11 (full 2):
 PSYoungGen      total 333824K, used 11236K [0x00000000d5f00000, 0x00000000ef280000, 0x0000000100000000)
  eden space 322560K, 0% used [0x00000000d5f00000,0x00000000d5f00000,0x00000000e9a00000)
  from space 11264K, 99% used [0x00000000e9a00000,0x00000000ea4f92f8,0x00000000ea500000)
  to   space 13312K, 0% used [0x00000000ee580000,0x00000000ee580000,0x00000000ef280000)
 ParOldGen       total 93184K, used 15633K [0x0000000081c00000, 0x0000000087700000, 0x00000000d5f00000)
  object space 93184K, 16% used [0x0000000081c00000,0x0000000082b44758,0x0000000087700000)
 Metaspace       used 45012K, capacity 47660K, committed 48000K, reserved 1091584K
  class space    used 5764K, capacity 6185K, committed 6272K, reserved 1048576K
}

Deoptimization events (10 events):
Event: 14.302 Thread 0x0000000000dbe000 Uncommon trap: reason=unreached action=reinterpret pc=0x0000000003887434 method=java.lang.ClassLoader.getClassLoadingLock(Ljava/lang/String;)Ljava/lang/Object; @ 6
Event: 14.302 Thread 0x0000000000dbe000 Uncommon trap: reason=unreached action=reinterpret pc=0x0000000003826ebc method=java.lang.ClassLoader.getClassLoadingLock(Ljava/lang/String;)Ljava/lang/Object; @ 6
Event: 15.349 Thread 0x0000000000dbe000 Uncommon trap: reason=class_check action=maybe_recompile pc=0x00000000037abad8 method=sun.instrument.TransformerManager.transform(Ljava/lang/ClassLoader;Ljava/lang/String;Ljava/lang/Class;Ljava/security/ProtectionDomain;[B)[B @ 50
Event: 15.350 Thread 0x0000000000dbe000 Uncommon trap: reason=class_check action=maybe_recompile pc=0x00000000037abad8 method=sun.instrument.TransformerManager.transform(Ljava/lang/ClassLoader;Ljava/lang/String;Ljava/lang/Class;Ljava/security/ProtectionDomain;[B)[B @ 50
Event: 15.352 Thread 0x0000000000dbe000 Uncommon trap: reason=class_check action=maybe_recompile pc=0x00000000037abad8 method=sun.instrument.TransformerManager.transform(Ljava/lang/ClassLoader;Ljava/lang/String;Ljava/lang/Class;Ljava/security/ProtectionDomain;[B)[B @ 50
Event: 15.353 Thread 0x0000000000dbe000 Uncommon trap: reason=class_check action=maybe_recompile pc=0x00000000037abad8 method=sun.instrument.TransformerManager.transform(Ljava/lang/ClassLoader;Ljava/lang/String;Ljava/lang/Class;Ljava/security/ProtectionDomain;[B)[B @ 50
Event: 15.355 Thread 0x0000000000dbe000 Uncommon trap: reason=class_check action=maybe_recompile pc=0x00000000037ac0c8 method=sun.instrument.TransformerManager.transform(Ljava/lang/ClassLoader;Ljava/lang/String;Ljava/lang/Class;Ljava/security/ProtectionDomain;[B)[B @ 50
Event: 17.843 Thread 0x0000000000dbe000 Uncommon trap: reason=class_check action=maybe_recompile pc=0x0000000003c65b9c method=org.springframework.beans.factory.support.AbstractBeanFactory.getBeanPostProcessorCache()Lorg/springframework/beans/factory/support/AbstractBeanFactory$BeanPostProcessorC©adnc3@
Event: 19.111 Thread 0x0000000000dbe000 Uncommon trap: reason=unreached action=reinterpret pc=0x0000000002e00ae4 method=org.jacoco.agent.rt.internal_b6258fc.asm.tree.MethodNode.accept(Lorg/jacoco/agent/rt/internal_b6258fc/asm/MethodVisitor;)V @ 469
Event: 22.936 Thread 0x0000000000dbe000 Uncommon trap: reason=class_check action=maybe_recompile pc=0x00000000038923f0 method=java.util.concurrent.ConcurrentHashMap.putVal(Ljava/lang/Object;Ljava/lang/Object;Z)Ljava/lang/Object; @ 192

Internal exceptions (10 events):
Event: 25.211 Thread 0x0000000000dbe000 Exception <a 'java/security/PrivilegedActionException'> (0x00000000e599cad0) thrown at [D:\re\workspace\8-2-build-windows-amd64-cygwin\jdk8u25\1677\hotspot\src\share\vm\prims\jvm.cpp, line 1312]
Event: 25.211 Thread 0x0000000000dbe000 Exception <a 'java/security/PrivilegedActionException'> (0x00000000e59adc98) thrown at [D:\re\workspace\8-2-build-windows-amd64-cygwin\jdk8u25\1677\hotspot\src\share\vm\prims\jvm.cpp, line 1312]
Event: 25.211 Thread 0x0000000000dbe000 Exception <a 'java/security/PrivilegedActionException'> (0x00000000e59af2d8) thrown at [D:\re\workspace\8-2-build-windows-amd64-cygwin\jdk8u25\1677\hotspot\src\share\vm\prims\jvm.cpp, line 1312]
Event: 25.212 Thread 0x0000000000dbe000 Exception <a 'java/security/PrivilegedActionException'> (0x00000000e59c00b8) thrown at [D:\re\workspace\8-2-build-windows-amd64-cygwin\jdk8u25\1677\hotspot\src\share\vm\prims\jvm.cpp, line 1312]
Event: 25.217 Thread 0x0000000000dbe000 Exception <a 'java/security/PrivilegedActionException'> (0x00000000e59c16a8) thrown at [D:\re\workspace\8-2-build-windows-amd64-cygwin\jdk8u25\1677\hotspot\src\share\vm\prims\jvm.cpp, line 1312]
Event: 25.218 Thread 0x0000000000dbe000 Exception <a 'java/security/PrivilegedActionException'> (0x00000000e59d15a0) thrown at [D:\re\workspace\8-2-build-windows-amd64-cygwin\jdk8u25\1677\hotspot\src\share\vm\prims\jvm.cpp, line 1312]
Event: 25.379 Thread 0x0000000000dbe000 Exception <a 'java/security/PrivilegedActionException'> (0x00000000e5bfa530) thrown at [D:\re\workspace\8-2-build-windows-amd64-cygwin\jdk8u25\1677\hotspot\src\share\vm\prims\jvm.cpp, line 1312]
Event: 25.380 Thread 0x0000000000dbe000 Exception <a 'java/security/PrivilegedActionException'> (0x00000000e5c05bf0) thrown at [D:\re\workspace\8-2-build-windows-amd64-cygwin\jdk8u25\1677\hotspot\src\share\vm\prims\jvm.cpp, line 1312]
Event: 25.380 Thread 0x0000000000dbe000 Exception <a 'java/security/PrivilegedActionException'> (0x00000000e5c06e28) thrown at [D:\re\workspace\8-2-build-windows-amd64-cygwin\jdk8u25\1677\hotspot\src\share\vm\prims\jvm.cpp, line 1312]
Event: 25.380 Thread 0x0000000000dbe000 Exception <a 'java/security/PrivilegedActionException'> (0x00000000e5c124d0) thrown at [D:\re\workspace\8-2-build-windows-amd64-cygwin\jdk8u25\1677\hotspot\src\share\vm\prims\jvm.cpp, line 1312]

Events (10 events):
Event: 25.212 loading class org/springframework/boot/logging/java/JavaLoggingSystem/Factory
Event: 25.212 loading class org/springframework/boot/logging/java/JavaLoggingSystem/Factory done
Event: 25.290 Executing VM operation: ForceSafepoint
Event: 25.290 Executing VM operation: ForceSafepoint done
Event: 25.291 Thread 0x0000000000dbe000 DEOPT PACKING pc=0x0000000003aeeeaf sp=0x00000000027db7c0
Event: 25.291 Thread 0x0000000000dbe000 DEOPT UNPACKING pc=0x0000000002ac75bf sp=0x00000000027db520 mode 0
Event: 25.379 loading class reactor/tools/agent/ReactorDebugAgent
Event: 25.379 loading class reactor/tools/agent/ReactorDebugAgent done
Event: 25.380 loading class reactor/tools/agent$ReactorDebugAgent
Event: 25.380 loading class reactor/tools/agent$ReactorDebugAgent done


Dynamic libraries:
0x00007ff6fe390000 - 0x00007ff6fe3c4000 	C:\Program Files\Java\jdk1.8.0_25\jre\bin\java.exe
0x00007ffffc330000 - 0x00007ffffc525000 	C:\WINDOWS\SYSTEM32\ntdll.dll
0x00007ffffa940000 - 0x00007ffffa9fd000 	C:\WINDOWS\System32\KERNEL32.DLL
0x00007ffff9ad0000 - 0x00007ffff9d9d000 	C:\WINDOWS\System32\KERNELBASE.dll
0x00007ffffbd20000 - 0x00007ffffbdce000 	C:\WINDOWS\System32\ADVAPI32.dll
0x00007ffffbc80000 - 0x00007ffffbd1e000 	C:\WINDOWS\System32\msvcrt.dll
0x00007ffffbbe0000 - 0x00007ffffbc7c000 	C:\WINDOWS\System32\sechost.dll
0x00007ffffaa00000 - 0x00007ffffab25000 	C:\WINDOWS\System32\RPCRT4.dll
0x00007ffffb9f0000 - 0x00007ffffbb90000 	C:\WINDOWS\System32\USER32.dll
0x00007ffff9f00000 - 0x00007ffff9f22000 	C:\WINDOWS\System32\win32u.dll
0x00007ffffbbb0000 - 0x00007ffffbbda000 	C:\WINDOWS\System32\GDI32.dll
0x00007ffffa0b0000 - 0x00007ffffa1bb000 	C:\WINDOWS\System32\gdi32full.dll
0x00007ffff9f30000 - 0x00007ffff9fcd000 	C:\WINDOWS\System32\msvcp_win.dll
0x00007ffffa230000 - 0x00007ffffa330000 	C:\WINDOWS\System32\ucrtbase.dll
0x00007fffe9360000 - 0x00007fffe95fa000 	C:\WINDOWS\WinSxS\amd64_microsoft.windows.common-controls_6595b64144ccf1df_6.0.19041.1110_none_60b5254171f9507e\COMCTL32.dll
0x00007ffffa430000 - 0x00007ffffa460000 	C:\WINDOWS\System32\IMM32.DLL
0x0000000077ba0000 - 0x0000000077c72000 	C:\Program Files\Java\jdk1.8.0_25\jre\bin\msvcr100.dll
0x0000000076440000 - 0x0000000076c9a000 	C:\Program Files\Java\jdk1.8.0_25\jre\bin\server\jvm.dll
0x00007ffffb980000 - 0x00007ffffb988000 	C:\WINDOWS\System32\PSAPI.DLL
0x00007fffe7740000 - 0x00007fffe7749000 	C:\WINDOWS\SYSTEM32\WSOCK32.dll
0x00007ffffb7e0000 - 0x00007ffffb84b000 	C:\WINDOWS\System32\WS2_32.dll
0x00007fffea5f0000 - 0x00007fffea617000 	C:\WINDOWS\SYSTEM32\WINMM.dll
0x0000000050000000 - 0x000000005000f000 	C:\Program Files\Java\jdk1.8.0_25\jre\bin\verify.dll
0x0000000077ce0000 - 0x0000000077d08000 	C:\Program Files\Java\jdk1.8.0_25\jre\bin\java.dll
0x0000000077ae0000 - 0x0000000077b03000 	C:\Program Files\Java\jdk1.8.0_25\jre\bin\instrument.dll
0x0000000077b80000 - 0x0000000077b96000 	C:\Program Files\Java\jdk1.8.0_25\jre\bin\zip.dll
0x00007ffffac90000 - 0x00007ffffb3d4000 	C:\WINDOWS\System32\SHELL32.dll
0x00007ffff7b00000 - 0x00007ffff8294000 	C:\WINDOWS\SYSTEM32\windows.storage.dll
0x00007ffffbf10000 - 0x00007ffffc264000 	C:\WINDOWS\System32\combase.dll
0x00007ffff93d0000 - 0x00007ffff93fc000 	C:\WINDOWS\SYSTEM32\Wldp.dll
0x00007ffffa380000 - 0x00007ffffa42d000 	C:\WINDOWS\System32\SHCORE.dll
0x00007ffffa8e0000 - 0x00007ffffa935000 	C:\WINDOWS\System32\shlwapi.dll
0x00007ffff9980000 - 0x00007ffff999f000 	C:\WINDOWS\SYSTEM32\profapi.dll
0x0000000077b60000 - 0x0000000077b7a000 	C:\Program Files\Java\jdk1.8.0_25\jre\bin\net.dll
0x00007ffff9110000 - 0x00007ffff917a000 	C:\WINDOWS\system32\mswsock.dll
0x00007ffff5530000 - 0x00007ffff5547000 	C:\WINDOWS\system32\napinsp.dll
0x00007ffff5510000 - 0x00007ffff552b000 	C:\WINDOWS\system32\pnrpnsp.dll
0x00007ffff4370000 - 0x00007ffff4385000 	C:\WINDOWS\system32\wshbth.dll
0x00007ffff53e0000 - 0x00007ffff53fd000 	C:\WINDOWS\system32\NLAapi.dll
0x00007ffff8df0000 - 0x00007ffff8e2b000 	C:\WINDOWS\SYSTEM32\IPHLPAPI.DLL
0x00007ffff8e30000 - 0x00007ffff8efb000 	C:\WINDOWS\SYSTEM32\DNSAPI.dll
0x00007ffffb7d0000 - 0x00007ffffb7d8000 	C:\WINDOWS\System32\NSI.dll
0x00007ffff54f0000 - 0x00007ffff5502000 	C:\WINDOWS\System32\winrnr.dll
0x00007ffff0090000 - 0x00007ffff009a000 	C:\Windows\System32\rasadhlp.dll
0x00007fffeaf30000 - 0x00007fffeafb0000 	C:\WINDOWS\System32\fwpuclnt.dll
0x00007ffff9fd0000 - 0x00007ffff9ff7000 	C:\WINDOWS\System32\bcrypt.dll
0x0000000077b40000 - 0x0000000077b51000 	C:\Program Files\Java\jdk1.8.0_25\jre\bin\nio.dll
0x0000000077ad0000 - 0x0000000077add000 	C:\Program Files\Java\jdk1.8.0_25\jre\bin\management.dll
0x00007ffff1b20000 - 0x00007ffff1b37000 	C:\WINDOWS\SYSTEM32\dhcpcsvc6.DLL
0x00007ffff0f80000 - 0x00007ffff0f9d000 	C:\WINDOWS\SYSTEM32\dhcpcsvc.DLL
0x0000000077ac0000 - 0x0000000077ac9000 	C:\Program Files\Java\jdk1.8.0_25\jre\bin\attach.dll
0x00007ffff9300000 - 0x00007ffff9318000 	C:\WINDOWS\SYSTEM32\CRYPTSP.dll
0x00007ffff8a70000 - 0x00007ffff8aa4000 	C:\WINDOWS\system32\rsaenh.dll
0x00007ffff9940000 - 0x00007ffff996e000 	C:\WINDOWS\SYSTEM32\USERENV.dll
0x00007ffff9a40000 - 0x00007ffff9ac2000 	C:\WINDOWS\System32\bcryptprimitives.dll
0x00007ffff9320000 - 0x00007ffff932c000 	C:\WINDOWS\SYSTEM32\CRYPTBASE.dll
0x00007fffe6d30000 - 0x00007fffe6f14000 	C:\WINDOWS\SYSTEM32\dbghelp.dll

VM Arguments:
jvm_args: -javaagent:C:\\Users\\Nisarg\\.m2\\repository\\org\\jacoco\\org.jacoco.agent\\0.8.8\\org.jacoco.agent-0.8.8-runtime.jar=destfile=C:\\Users\\Nisarg\\OneDrive\\Revature-2022\\Project_2\\Team5-P2\\api2\\target\\jacoco.exec 
java_command: C:\Users\Nisarg\AppData\Local\Temp\surefire4758902423245967447\surefirebooter6410430546372312745.jar C:\Users\Nisarg\AppData\Local\Temp\surefire4758902423245967447 2022-05-20T09-45-41_267-jvmRun1 surefire2122226225380700346tmp surefire_0526257291699425163tmp
java_class_path (initial): C:\Users\Nisarg\AppData\Local\Temp\surefire4758902423245967447\surefirebooter6410430546372312745.jar;C:\\Users\\Nisarg\\.m2\\repository\\org\\jacoco\\org.jacoco.agent\\0.8.8\\org.jacoco.agent-0.8.8-runtime.jar
Launcher Type: SUN_STANDARD

Environment Variables:
PATH=C:\Program Files (x86)\Common Files\Oracle\Java\javapath;C:\ProgramData\Oracle\Java\javapath;C:\WINDOWS\system32;C:\WINDOWS;C:\WINDOWS\System32\Wbem;C:\WINDOWS\System32\WindowsPowerShell\v1.0\;C:\WINDOWS\System32\OpenSSH\;C:\Program Files\Microsoft SQL Server\Client SDK\ODBC\130\Tools\Binn\;C:\Program Files (x86)\Microsoft SQL Server\130\Tools\Binn\;C:\Program Files\Microsoft SQL Server\130\Tools\Binn\;C:\Program Files\Microsoft SQL Server\130\DTS\Binn\;C:\Program Files\Git\cmd;C:\Program Files\nodejs\;C:\Program Files\Docker\Docker\resources\bin;C:\ProgramData\DockerDesktop\version-bin;C:\Program Files\Kubernetes\Minikube;C:\Users\Nisarg\AppData\Local\Microsoft\WindowsApps;;D:\Software\Microsoft VS Code\bin;C:\Users\Nisarg\AppData\Roaming\npm
USERNAME=Nisarg
OS=Windows_NT
PROCESSOR_IDENTIFIER=Intel64 Family 6 Model 69 Stepping 1, GenuineIntel



---------------  S Y S T E M  ---------------

OS: Windows 8.1 , 64 bit Build 9600 

CPU:total 4 (2 cores per cpu, 2 threads per core) family 6 model 69 stepping 1, cmov, cx8, fxsr, mmx, sse, sse2, sse3, ssse3, sse4.1, sse4.2, popcnt, avx, avx2, aes, clmul, erms, lzcnt, ht, tsc, tscinvbit, bmi1, bmi2

Memory: 4k page, physical 8266712k(1621888k free), swap 13771736k(3780844k free)

vm_info: Java HotSpot(TM) 64-Bit Server VM (25.25-b02) for windows-amd64 JRE (1.8.0_25-b18), built on Oct  7 2014 14:25:37 by "java_re" with MS VC++ 10.0 (VS2010)

time: Fri May 20 09:46:07 2022
elapsed time: 25 seconds (0d 0h 0m 25s)

