#
# A fatal error has been detected by the Java Runtime Environment:
#
#  EXCEPTION_ACCESS_VIOLATION (0xc0000005) at pc=0x00000000d6cf2040, pid=7472, tid=13292
#
# JRE version: Java(TM) SE Runtime Environment (8.0_25-b18) (build 1.8.0_25-b18)
# Java VM: Java HotSpot(TM) 64-Bit Server VM (25.25-b02 mixed mode windows-amd64 compressed oops)
# Problematic frame:
# C  0x00000000d6cf2040
#
# Failed to write core dump. Minidumps are not enabled by default on client versions of Windows
#
# If you would like to submit a bug report, please visit:
#   http://bugreport.sun.com/bugreport/crash.jsp
#

---------------  T H R E A D  ---------------

Current thread (0x0000000003302800):  JavaThread "main" [_thread_in_Java, id=13292, stack(0x0000000003200000,0x0000000003300000)]

siginfo: ExceptionCode=0xc0000005, ExceptionInformation=0x0000000000000008 0x00000000d6cf2040

Registers:
RAX=0x00000000d8bd1338, RBX=0x0000000017ae5800, RCX=0x00000000036d7900, RDX=0x00000000d8bd1338
RSP=0x00000000032fb460, RBP=0x0000000000000001, RSI=0x00000000179d2240, RDI=0x0000000000001ac8
R8 =0x0000000081c026f8, R9 =0x0000000081ce03f0, R10=0x00000000d8bd1338, R11=0x0000000003714a80
R12=0x0000000000000000, R13=0x00000000032fb450, R14=0x0000000000000001, R15=0x0000000003302800
RIP=0x00000000d6cf2040, EFLAGS=0x0000000000010246

Top of Stack: (sp=0x00000000032fb460)
0x00000000032fb460:   00006a0041373d70 00000000d8bce060
0x00000000032fb470:   00000000032fb4a0 000000000410fb9c
0x00000000032fb480:   000000000410fb9c 00000000d8bd1338
0x00000000032fb490:   0000000081c026d8 000000000410fb9c
0x00000000032fb4a0:   00000000032fb730 00000000764f21f1
0x00000000032fb4b0:   000000010000af80 00000000032fb590
0x00000000032fb4c0:   0000000003302800 00000000032fb4f0
0x00000000032fb4d0:   00000000032fb500 00000000040b38bc
0x00000000032fb4e0:   00000000040b38bc 00000000040b38bc
0x00000000032fb4f0:   00000000d8bd19e8 0000000081c026d8
0x00000000032fb500:   0000000017ba19a8 0000000003302800
0x00000000032fb510:   0000000003302800 00000000032fb730
0x00000000032fb520:   00000000032fb5a0 00000000764f45c2
0x00000000032fb530:   00000000031f7cb0 0000000081c4f4e8
0x00000000032fb540:   00000000032fb570 0000000003e3af14
0x00000000032fb550:   0000000003e3af14 00000000d8bd19e8 

Instructions: (pc=0x00000000d6cf2040)
0x00000000d6cf2020:   00 00 00 00 0c 00 00 00 00 00 00 00 00 00 00 00
0x00000000d6cf2030:   01 00 00 00 00 00 00 00 6d 01 00 20 00 00 00 00
0x00000000d6cf2040:   01 81 64 53 1f 00 00 00 df 03 00 20 00 00 00 00
0x00000000d6cf2050:   00 00 00 00 78 0d 4b d7 00 00 00 00 00 00 00 00 


Register to memory mapping:

RAX=0x00000000d8bd1338 is an oop
com.mysql.cj.jdbc.ConnectionImpl$$Lambda$822/656787973 
 - klass: 'com/mysql/cj/jdbc/ConnectionImpl$$Lambda$822'
RBX={method} {0x0000000017ae5808} 'identity' '(Ljava/lang/Object;)Ljava/lang/Object;' in 'sun/invoke/util/ValueConversions'
RCX=0x00000000036d7900 is at begin+12 in a stub
MethodHandle::interpreter_entry::_linkToStatic [0x00000000036d78f4, 0x00000000036d7918[ (36 bytes)
RDX=0x00000000d8bd1338 is an oop
com.mysql.cj.jdbc.ConnectionImpl$$Lambda$822/656787973 
 - klass: 'com/mysql/cj/jdbc/ConnectionImpl$$Lambda$822'
RSP=0x00000000032fb460 is pointing into the stack for thread: 0x0000000003302800
RBP=0x0000000000000001 is an unknown value
RSI={method} {0x00000000179d2248} 'invoke_L_L' '(Ljava/lang/invoke/MethodHandle;[Ljava/lang/Object;)Ljava/lang/Object;' in 'java/lang/invoke/LambdaForm$NamedFunction'
RDI=0x0000000000001ac8 is an unknown value
R8 =0x0000000081c026f8 is an oop
java.lang.invoke.MemberName 
 - klass: 'java/lang/invoke/MemberName'
R9 =0x0000000081ce03f0 is an oop
java.lang.invoke.MemberName 
 - klass: 'java/lang/invoke/MemberName'
R10=0x00000000d8bd1338 is an oop
com.mysql.cj.jdbc.ConnectionImpl$$Lambda$822/656787973 
 - klass: 'com/mysql/cj/jdbc/ConnectionImpl$$Lambda$822'
R11=0x0000000003714a80 is at entry_point+0 in (nmethod*)0x0000000003714950
R12=0x0000000000000000 is an unknown value
R13=0x00000000032fb450 is pointing into the stack for thread: 0x0000000003302800
R14=0x0000000000000001 is an unknown value
R15=0x0000000003302800 is a thread


Stack: [0x0000000003200000,0x0000000003300000],  sp=0x00000000032fb460,  free space=1005k
Native frames: (J=compiled Java code, j=interpreted, Vv=VM code, C=native code)
C  0x00000000d6cf2040


---------------  P R O C E S S  ---------------

Java Threads: ( => current thread )
  0x000000001ddef800 JavaThread "mysql-cj-abandoned-connection-cleanup" daemon [_thread_blocked, id=14140, stack(0x000000001c4b0000,0x000000001c5b0000)]
  0x0000000019708000 JavaThread "Service Thread" daemon [_thread_blocked, id=7696, stack(0x0000000019e60000,0x0000000019f60000)]
  0x0000000019681800 JavaThread "C1 CompilerThread2" daemon [_thread_blocked, id=3540, stack(0x0000000019d60000,0x0000000019e60000)]
  0x000000001967d800 JavaThread "C2 CompilerThread1" daemon [_thread_blocked, id=10996, stack(0x0000000019c60000,0x0000000019d60000)]
  0x000000001967a800 JavaThread "C2 CompilerThread0" daemon [_thread_blocked, id=7224, stack(0x0000000019b60000,0x0000000019c60000)]
  0x0000000019668800 JavaThread "Monitor Ctrl-Break" daemon [_thread_in_native, id=9196, stack(0x0000000019a60000,0x0000000019b60000)]
  0x0000000018106000 JavaThread "Attach Listener" daemon [_thread_blocked, id=8140, stack(0x0000000019560000,0x0000000019660000)]
  0x0000000018105000 JavaThread "Signal Dispatcher" daemon [_thread_blocked, id=11692, stack(0x0000000019460000,0x0000000019560000)]
  0x00000000033f9800 JavaThread "Finalizer" daemon [_thread_blocked, id=11756, stack(0x0000000019360000,0x0000000019460000)]
  0x00000000033f6000 JavaThread "Reference Handler" daemon [_thread_blocked, id=9552, stack(0x0000000019260000,0x0000000019360000)]
=>0x0000000003302800 JavaThread "main" [_thread_in_Java, id=13292, stack(0x0000000003200000,0x0000000003300000)]

Other Threads:
  0x00000000180c6000 VMThread [stack: 0x0000000019160000,0x0000000019260000] [id=1132]
  0x0000000019713800 WatcherThread [stack: 0x0000000019f60000,0x000000001a060000] [id=12360]

VM state:not at safepoint (normal execution)

VM Mutex/Monitor currently owned by a thread: None

Heap:
 PSYoungGen      total 127488K, used 54799K [0x00000000d5f00000, 0x00000000e0300000, 0x0000000100000000)
  eden space 117248K, 40% used [0x00000000d5f00000,0x00000000d8d2eba8,0x00000000dd180000)
  from space 10240K, 73% used [0x00000000dd180000,0x00000000dd8d5278,0x00000000ddb80000)
  to   space 10240K, 0% used [0x00000000df900000,0x00000000df900000,0x00000000e0300000)
 ParOldGen       total 87552K, used 14250K [0x0000000081c00000, 0x0000000087180000, 0x00000000d5f00000)
  object space 87552K, 16% used [0x0000000081c00000,0x00000000829ea9b8,0x0000000087180000)
 Metaspace       used 44143K, capacity 46976K, committed 47144K, reserved 1089536K
  class space    used 6219K, capacity 6691K, committed 6696K, reserved 1048576K

Card table byte_map: [0x0000000012990000,0x0000000012d90000] byte_map_base: 0x0000000012582000

Marking Bits: (ParMarkBitMap*) 0x0000000076c1d490
 Begin Bits: [0x0000000013440000, 0x00000000153d0000)
 End Bits:   [0x00000000153d0000, 0x0000000017360000)

Polling page: 0x0000000002fe0000

CodeCache: size=245760Kb used=6330Kb max_used=12359Kb free=239430Kb
 bounds [0x00000000035d0000, 0x00000000041f0000, 0x00000000125d0000]
 total_blobs=2763 nmethods=2282 adapters=393
 compilation: enabled

Compilation events (10 events):
Event: 11.345 Thread 0x0000000019681800 5773       1       com.mysql.cj.protocol.a.NativePacketPayload::getByteBuffer (5 bytes)
Event: 11.345 Thread 0x0000000019681800 nmethod 5773 0x0000000003747690 code [0x00000000037477e0, 0x00000000037478f0]
Event: 11.361 Thread 0x0000000019681800 5774       3       com.mysql.cj.protocol.a.NativePacketPayload::readInteger (662 bytes)
Event: 11.364 Thread 0x0000000019681800 nmethod 5774 0x00000000039b4810 code [0x00000000039b4a00, 0x00000000039b54e8]
Event: 11.377 Thread 0x0000000019681800 5775       1       com.mysql.cj.conf.AbstractRuntimeProperty::getValue (5 bytes)
Event: 11.378 Thread 0x0000000019681800 nmethod 5775 0x00000000037473d0 code [0x0000000003747520, 0x0000000003747630]
Event: 11.450 Thread 0x0000000019681800 5776       3       sun.misc.Launcher$AppClassLoader::loadClass (40 bytes)
Event: 11.452 Thread 0x0000000019681800 nmethod 5776 0x00000000037469d0 code [0x0000000003746b80, 0x0000000003747138]
Event: 11.452 Thread 0x0000000019681800 5777       3       java.nio.CharBuffer::array (35 bytes)
Event: 11.453 Thread 0x0000000019681800 nmethod 5777 0x00000000039b8710 code [0x00000000039b88a0, 0x00000000039b8b98]

GC Heap History (10 events):
Event: 4.940 GC heap before
{Heap before GC invocations=9 (full 1):
 PSYoungGen      total 71680K, used 66272K [0x00000000d5f00000, 0x00000000dc580000, 0x0000000100000000)
  eden space 63488K, 100% used [0x00000000d5f00000,0x00000000d9d00000,0x00000000d9d00000)
  from space 8192K, 33% used [0x00000000d9d00000,0x00000000d9fb81a8,0x00000000da500000)
  to   space 8704K, 0% used [0x00000000dbd00000,0x00000000dbd00000,0x00000000dc580000)
 ParOldGen       total 54784K, used 6787K [0x0000000081c00000, 0x0000000085180000, 0x00000000d5f00000)
  object space 54784K, 12% used [0x0000000081c00000,0x00000000822a0e30,0x0000000085180000)
 Metaspace       used 24307K, capacity 26156K, committed 26368K, reserved 1073152K
  class space    used 3198K, capacity 3538K, committed 3584K, reserved 1048576K
Event: 4.950 GC heap after
Heap after GC invocations=9 (full 1):
 PSYoungGen      total 96768K, used 5219K [0x00000000d5f00000, 0x00000000dd300000, 0x0000000100000000)
  eden space 88064K, 0% used [0x00000000d5f00000,0x00000000d5f00000,0x00000000db500000)
  from space 8704K, 59% used [0x00000000dbd00000,0x00000000dc218c70,0x00000000dc580000)
  to   space 8192K, 0% used [0x00000000db500000,0x00000000db500000,0x00000000dbd00000)
 ParOldGen       total 54784K, used 6787K [0x0000000081c00000, 0x0000000085180000, 0x00000000d5f00000)
  object space 54784K, 12% used [0x0000000081c00000,0x00000000822a0e30,0x0000000085180000)
 Metaspace       used 24307K, capacity 26156K, committed 26368K, reserved 1073152K
  class space    used 3198K, capacity 3538K, committed 3584K, reserved 1048576K
}
Event: 6.578 GC heap before
{Heap before GC invocations=10 (full 1):
 PSYoungGen      total 96768K, used 93283K [0x00000000d5f00000, 0x00000000dd300000, 0x0000000100000000)
  eden space 88064K, 100% used [0x00000000d5f00000,0x00000000db500000,0x00000000db500000)
  from space 8704K, 59% used [0x00000000dbd00000,0x00000000dc218c70,0x00000000dc580000)
  to   space 8192K, 0% used [0x00000000db500000,0x00000000db500000,0x00000000dbd00000)
 ParOldGen       total 54784K, used 6787K [0x0000000081c00000, 0x0000000085180000, 0x00000000d5f00000)
  object space 54784K, 12% used [0x0000000081c00000,0x00000000822a0e30,0x0000000085180000)
 Metaspace       used 28620K, capacity 30890K, committed 31104K, reserved 1077248K
  class space    used 3818K, capacity 4207K, committed 4224K, reserved 1048576K
Event: 6.590 GC heap after
Heap after GC invocations=10 (full 1):
 PSYoungGen      total 96256K, used 8177K [0x00000000d5f00000, 0x00000000de580000, 0x0000000100000000)
  eden space 88064K, 0% used [0x00000000d5f00000,0x00000000d5f00000,0x00000000db500000)
  from space 8192K, 99% used [0x00000000db500000,0x00000000dbcfc680,0x00000000dbd00000)
  to   space 9728K, 0% used [0x00000000ddc00000,0x00000000ddc00000,0x00000000de580000)
 ParOldGen       total 54784K, used 8366K [0x0000000081c00000, 0x0000000085180000, 0x00000000d5f00000)
  object space 54784K, 15% used [0x0000000081c00000,0x000000008242b8a8,0x0000000085180000)
 Metaspace       used 28620K, capacity 30890K, committed 31104K, reserved 1077248K
  class space    used 3818K, capacity 4207K, committed 4224K, reserved 1048576K
}
Event: 7.717 GC heap before
{Heap before GC invocations=11 (full 1):
 PSYoungGen      total 96256K, used 75880K [0x00000000d5f00000, 0x00000000de580000, 0x0000000100000000)
  eden space 88064K, 76% used [0x00000000d5f00000,0x00000000da11daa8,0x00000000db500000)
  from space 8192K, 99% used [0x00000000db500000,0x00000000dbcfc680,0x00000000dbd00000)
  to   space 9728K, 0% used [0x00000000ddc00000,0x00000000ddc00000,0x00000000de580000)
 ParOldGen       total 54784K, used 8366K [0x0000000081c00000, 0x0000000085180000, 0x00000000d5f00000)
  object space 54784K, 15% used [0x0000000081c00000,0x000000008242b8a8,0x0000000085180000)
 Metaspace       used 33092K, capacity 35396K, committed 35496K, reserved 1079296K
  class space    used 4628K, capacity 5019K, committed 5032K, reserved 1048576K
Event: 7.729 GC heap after
Heap after GC invocations=11 (full 1):
 PSYoungGen      total 126976K, used 7814K [0x00000000d5f00000, 0x00000000de580000, 0x0000000100000000)
  eden space 117248K, 0% used [0x00000000d5f00000,0x00000000d5f00000,0x00000000dd180000)
  from space 9728K, 80% used [0x00000000ddc00000,0x00000000de3a1988,0x00000000de580000)
  to   space 10240K, 0% used [0x00000000dd180000,0x00000000dd180000,0x00000000ddb80000)
 ParOldGen       total 54784K, used 9676K [0x0000000081c00000, 0x0000000085180000, 0x00000000d5f00000)
  object space 54784K, 17% used [0x0000000081c00000,0x0000000082573258,0x0000000085180000)
 Metaspace       used 33092K, capacity 35396K, committed 35496K, reserved 1079296K
  class space    used 4628K, capacity 5019K, committed 5032K, reserved 1048576K
}
Event: 7.729 GC heap before
{Heap before GC invocations=12 (full 2):
 PSYoungGen      total 126976K, used 7814K [0x00000000d5f00000, 0x00000000de580000, 0x0000000100000000)
  eden space 117248K, 0% used [0x00000000d5f00000,0x00000000d5f00000,0x00000000dd180000)
  from space 9728K, 80% used [0x00000000ddc00000,0x00000000de3a1988,0x00000000de580000)
  to   space 10240K, 0% used [0x00000000dd180000,0x00000000dd180000,0x00000000ddb80000)
 ParOldGen       total 54784K, used 9676K [0x0000000081c00000, 0x0000000085180000, 0x00000000d5f00000)
  object space 54784K, 17% used [0x0000000081c00000,0x0000000082573258,0x0000000085180000)
 Metaspace       used 33092K, capacity 35396K, committed 35496K, reserved 1079296K
  class space    used 4628K, capacity 5019K, committed 5032K, reserved 1048576K
Event: 7.819 GC heap after
Heap after GC invocations=12 (full 2):
 PSYoungGen      total 126976K, used 0K [0x00000000d5f00000, 0x00000000de580000, 0x0000000100000000)
  eden space 117248K, 0% used [0x00000000d5f00000,0x00000000d5f00000,0x00000000dd180000)
  from space 9728K, 0% used [0x00000000ddc00000,0x00000000ddc00000,0x00000000de580000)
  to   space 10240K, 0% used [0x00000000dd180000,0x00000000dd180000,0x00000000ddb80000)
 ParOldGen       total 87552K, used 14250K [0x0000000081c00000, 0x0000000087180000, 0x00000000d5f00000)
  object space 87552K, 16% used [0x0000000081c00000,0x00000000829ea9b8,0x0000000087180000)
 Metaspace       used 33092K, capacity 35396K, committed 35496K, reserved 1079296K
  class space    used 4628K, capacity 5019K, committed 5032K, reserved 1048576K
}
Event: 9.933 GC heap before
{Heap before GC invocations=13 (full 2):
 PSYoungGen      total 126976K, used 117248K [0x00000000d5f00000, 0x00000000de580000, 0x0000000100000000)
  eden space 117248K, 100% used [0x00000000d5f00000,0x00000000dd180000,0x00000000dd180000)
  from space 9728K, 0% used [0x00000000ddc00000,0x00000000ddc00000,0x00000000de580000)
  to   space 10240K, 0% used [0x00000000dd180000,0x00000000dd180000,0x00000000ddb80000)
 ParOldGen       total 87552K, used 14250K [0x0000000081c00000, 0x0000000087180000, 0x00000000d5f00000)
  object space 87552K, 16% used [0x0000000081c00000,0x00000000829ea9b8,0x0000000087180000)
 Metaspace       used 39099K, capacity 41862K, committed 42024K, reserved 1085440K
  class space    used 5640K, capacity 6110K, committed 6184K, reserved 1048576K
Event: 9.949 GC heap after
Heap after GC invocations=13 (full 2):
 PSYoungGen      total 127488K, used 7508K [0x00000000d5f00000, 0x00000000e0300000, 0x0000000100000000)
  eden space 117248K, 0% used [0x00000000d5f00000,0x00000000d5f00000,0x00000000dd180000)
  from space 10240K, 73% used [0x00000000dd180000,0x00000000dd8d5278,0x00000000ddb80000)
  to   space 10240K, 0% used [0x00000000df900000,0x00000000df900000,0x00000000e0300000)
 ParOldGen       total 87552K, used 14250K [0x0000000081c00000, 0x0000000087180000, 0x00000000d5f00000)
  object space 87552K, 16% used [0x0000000081c00000,0x00000000829ea9b8,0x0000000087180000)
 Metaspace       used 39099K, capacity 41862K, committed 42024K, reserved 1085440K
  class space    used 5640K, capacity 6110K, committed 6184K, reserved 1048576K
}

Deoptimization events (10 events):
Event: 6.839 Thread 0x0000000003302800 Uncommon trap: reason=bimorphic action=maybe_recompile pc=0x0000000003c16dc0 method=java.lang.ClassLoader.loadClass(Ljava/lang/String;Z)Ljava/lang/Class; @ 70
Event: 6.839 Thread 0x0000000003302800 Uncommon trap: reason=bimorphic action=maybe_recompile pc=0x0000000003c16dc0 method=java.lang.ClassLoader.loadClass(Ljava/lang/String;Z)Ljava/lang/Class; @ 70
Event: 6.840 Thread 0x0000000003302800 Uncommon trap: reason=bimorphic action=maybe_recompile pc=0x0000000003c16dc0 method=java.lang.ClassLoader.loadClass(Ljava/lang/String;Z)Ljava/lang/Class; @ 70
Event: 6.877 Thread 0x0000000003302800 Uncommon trap: reason=unreached action=reinterpret pc=0x000000000384e548 method=java.lang.AbstractStringBuilder.append(Ljava/lang/String;)Ljava/lang/AbstractStringBuilder; @ 1
Event: 7.613 Thread 0x0000000003302800 Uncommon trap: reason=uninitialized action=reinterpret pc=0x0000000003f9d710 method=sun.instrument.TransformerManager.transform(Ljava/lang/ClassLoader;Ljava/lang/String;Ljava/lang/Class;Ljava/security/ProtectionDomain;[B)[B @ 33
Event: 7.614 Thread 0x0000000003302800 Uncommon trap: reason=uninitialized action=reinterpret pc=0x0000000003f9d3a0 method=sun.instrument.TransformerManager.transform(Ljava/lang/ClassLoader;Ljava/lang/String;Ljava/lang/Class;Ljava/security/ProtectionDomain;[B)[B @ 33
Event: 8.513 Thread 0x0000000003302800 Uncommon trap: reason=unreached action=reinterpret pc=0x0000000003c761b8 method=java.lang.reflect.Method.equals(Ljava/lang/Object;)Z @ 1
Event: 9.281 Thread 0x0000000003302800 Uncommon trap: reason=null_check action=make_not_entrant pc=0x0000000003ccd474 method=org.springframework.beans.factory.support.DefaultListableBeanFactory.getBeanDefinition(Ljava/lang/String;)Lorg/springframework/beans/factory/config/BeanDefinition; @ 10
Event: 10.669 Thread 0x0000000003302800 Uncommon trap: reason=bimorphic action=maybe_recompile pc=0x0000000003cee50c method=java.net.URL.<init>(Ljava/net/URL;Ljava/lang/String;Ljava/net/URLStreamHandler;)V @ 504
Event: 11.092 Thread 0x0000000003302800 Uncommon trap: reason=class_check action=maybe_recompile pc=0x00000000040429c4 method=java.util.Hashtable.put(Ljava/lang/Object;Ljava/lang/Object;)Ljava/lang/Object; @ 18

Internal exceptions (10 events):
Event: 11.359 Thread 0x0000000003302800 Exception <a 'java/security/PrivilegedActionException'> (0x00000000d8b418a8) thrown at [D:\re\workspace\8-2-build-windows-amd64-cygwin\jdk8u25\1677\hotspot\src\share\vm\prims\jvm.cpp, line 1312]
Event: 11.361 Thread 0x0000000003302800 Exception <a 'java/security/PrivilegedActionException'> (0x00000000d8b4dd38) thrown at [D:\re\workspace\8-2-build-windows-amd64-cygwin\jdk8u25\1677\hotspot\src\share\vm\prims\jvm.cpp, line 1312]
Event: 11.363 Thread 0x0000000003302800 Exception <a 'java/security/PrivilegedActionException'> (0x00000000d8b5b758) thrown at [D:\re\workspace\8-2-build-windows-amd64-cygwin\jdk8u25\1677\hotspot\src\share\vm\prims\jvm.cpp, line 1312]
Event: 11.366 Thread 0x0000000003302800 Exception <a 'java/security/PrivilegedActionException'> (0x00000000d8b6dcc0) thrown at [D:\re\workspace\8-2-build-windows-amd64-cygwin\jdk8u25\1677\hotspot\src\share\vm\prims\jvm.cpp, line 1312]
Event: 11.367 Thread 0x0000000003302800 Exception <a 'java/security/PrivilegedActionException'> (0x00000000d8b7e870) thrown at [D:\re\workspace\8-2-build-windows-amd64-cygwin\jdk8u25\1677\hotspot\src\share\vm\prims\jvm.cpp, line 1312]
Event: 11.371 Thread 0x0000000003302800 Exception <a 'java/security/PrivilegedActionException'> (0x00000000d8b8c858) thrown at [D:\re\workspace\8-2-build-windows-amd64-cygwin\jdk8u25\1677\hotspot\src\share\vm\prims\jvm.cpp, line 1312]
Event: 11.373 Thread 0x0000000003302800 Exception <a 'java/security/PrivilegedActionException'> (0x00000000d8b9e440) thrown at [D:\re\workspace\8-2-build-windows-amd64-cygwin\jdk8u25\1677\hotspot\src\share\vm\prims\jvm.cpp, line 1312]
Event: 11.374 Thread 0x0000000003302800 Exception <a 'java/security/PrivilegedActionException'> (0x00000000d8ba92a0) thrown at [D:\re\workspace\8-2-build-windows-amd64-cygwin\jdk8u25\1677\hotspot\src\share\vm\prims\jvm.cpp, line 1312]
Event: 11.377 Thread 0x0000000003302800 Exception <a 'java/security/PrivilegedActionException'> (0x00000000d8bb6d38) thrown at [D:\re\workspace\8-2-build-windows-amd64-cygwin\jdk8u25\1677\hotspot\src\share\vm\prims\jvm.cpp, line 1312]
Event: 11.521 Thread 0x0000000003302800 Exception <a 'java/security/PrivilegedActionException'> (0x00000000d8bc2148) thrown at [D:\re\workspace\8-2-build-windows-amd64-cygwin\jdk8u25\1677\hotspot\src\share\vm\prims\jvm.cpp, line 1312]

Events (10 events):
Event: 11.376 loading class com/mysql/cj/LicenseConfiguration
Event: 11.376 loading class com/mysql/cj/LicenseConfiguration done
Event: 11.521 loading class com/mysql/cj/jdbc/exceptions/NotUpdatable
Event: 11.521 loading class com/mysql/cj/jdbc/exceptions/NotUpdatable done
Event: 11.530 loading class java/sql/ResultSetMetaData
Event: 11.530 loading class java/sql/ResultSetMetaData done
Event: 11.537 loading class com/mysql/cj/interceptors/QueryInterceptor
Event: 11.537 loading class com/mysql/cj/interceptors/QueryInterceptor done
Event: 11.537 loading class com/mysql/cj/interceptors/QueryInterceptor
Event: 11.537 loading class com/mysql/cj/interceptors/QueryInterceptor done


Dynamic libraries:
0x00007ff67f6b0000 - 0x00007ff67f6e4000 	C:\Program Files\Java\jdk1.8.0_25\bin\java.exe
0x00007ffffc330000 - 0x00007ffffc525000 	C:\WINDOWS\SYSTEM32\ntdll.dll
0x00007ffffa940000 - 0x00007ffffa9fd000 	C:\WINDOWS\System32\KERNEL32.DLL
0x00007ffff9ad0000 - 0x00007ffff9d9d000 	C:\WINDOWS\System32\KERNELBASE.dll
0x00007ffffbd20000 - 0x00007ffffbdce000 	C:\WINDOWS\System32\ADVAPI32.dll
0x00007ffffbc80000 - 0x00007ffffbd1e000 	C:\WINDOWS\System32\msvcrt.dll
0x00007ffffbbe0000 - 0x00007ffffbc7c000 	C:\WINDOWS\System32\sechost.dll
0x00007ffffaa00000 - 0x00007ffffab25000 	C:\WINDOWS\System32\RPCRT4.dll
0x00007ffffb9f0000 - 0x00007ffffbb90000 	C:\WINDOWS\System32\USER32.dll
0x00007ffff9f00000 - 0x00007ffff9f22000 	C:\WINDOWS\System32\win32u.dll
0x00007ffffbbb0000 - 0x00007ffffbbda000 	C:\WINDOWS\System32\GDI32.dll
0x00007ffffa0b0000 - 0x00007ffffa1bb000 	C:\WINDOWS\System32\gdi32full.dll
0x00007ffff9f30000 - 0x00007ffff9fcd000 	C:\WINDOWS\System32\msvcp_win.dll
0x00007ffffa230000 - 0x00007ffffa330000 	C:\WINDOWS\System32\ucrtbase.dll
0x00007fffe9360000 - 0x00007fffe95fa000 	C:\WINDOWS\WinSxS\amd64_microsoft.windows.common-controls_6595b64144ccf1df_6.0.19041.1110_none_60b5254171f9507e\COMCTL32.dll
0x00007ffffa430000 - 0x00007ffffa460000 	C:\WINDOWS\System32\IMM32.DLL
0x0000000077ba0000 - 0x0000000077c72000 	C:\Program Files\Java\jdk1.8.0_25\jre\bin\msvcr100.dll
0x0000000076440000 - 0x0000000076c9a000 	C:\Program Files\Java\jdk1.8.0_25\jre\bin\server\jvm.dll
0x00007ffffb980000 - 0x00007ffffb988000 	C:\WINDOWS\System32\PSAPI.DLL
0x00007fffe7740000 - 0x00007fffe7749000 	C:\WINDOWS\SYSTEM32\WSOCK32.dll
0x00007ffffb7e0000 - 0x00007ffffb84b000 	C:\WINDOWS\System32\WS2_32.dll
0x00007fffea5f0000 - 0x00007fffea617000 	C:\WINDOWS\SYSTEM32\WINMM.dll
0x0000000050000000 - 0x000000005000f000 	C:\Program Files\Java\jdk1.8.0_25\jre\bin\verify.dll
0x0000000077ce0000 - 0x0000000077d08000 	C:\Program Files\Java\jdk1.8.0_25\jre\bin\java.dll
0x0000000077ae0000 - 0x0000000077b03000 	C:\Program Files\Java\jdk1.8.0_25\jre\bin\instrument.dll
0x0000000077b80000 - 0x0000000077b96000 	C:\Program Files\Java\jdk1.8.0_25\jre\bin\zip.dll
0x00007ffffac90000 - 0x00007ffffb3d4000 	C:\WINDOWS\System32\SHELL32.dll
0x00007ffff7b00000 - 0x00007ffff8294000 	C:\WINDOWS\SYSTEM32\windows.storage.dll
0x00007ffffbf10000 - 0x00007ffffc264000 	C:\WINDOWS\System32\combase.dll
0x00007ffff93d0000 - 0x00007ffff93fc000 	C:\WINDOWS\SYSTEM32\Wldp.dll
0x00007ffffa380000 - 0x00007ffffa42d000 	C:\WINDOWS\System32\SHCORE.dll
0x00007ffffa8e0000 - 0x00007ffffa935000 	C:\WINDOWS\System32\shlwapi.dll
0x00007ffff9980000 - 0x00007ffff999f000 	C:\WINDOWS\SYSTEM32\profapi.dll
0x00007ffff2f80000 - 0x00007ffff2f9a000 	C:\Program Files\JetBrains\IntelliJ IDEA Community Edition 2021.3.3\bin\breakgen64.dll
0x0000000077b60000 - 0x0000000077b7a000 	C:\Program Files\Java\jdk1.8.0_25\jre\bin\net.dll
0x00007ffff9110000 - 0x00007ffff917a000 	C:\WINDOWS\system32\mswsock.dll
0x0000000077b40000 - 0x0000000077b51000 	C:\Program Files\Java\jdk1.8.0_25\jre\bin\nio.dll
0x0000000077ad0000 - 0x0000000077add000 	C:\Program Files\Java\jdk1.8.0_25\jre\bin\management.dll
0x00007ffff5530000 - 0x00007ffff5547000 	C:\WINDOWS\system32\napinsp.dll
0x00007ffff5510000 - 0x00007ffff552b000 	C:\WINDOWS\system32\pnrpnsp.dll
0x00007ffff4370000 - 0x00007ffff4385000 	C:\WINDOWS\system32\wshbth.dll
0x00007ffff53e0000 - 0x00007ffff53fd000 	C:\WINDOWS\system32\NLAapi.dll
0x00007ffff8df0000 - 0x00007ffff8e2b000 	C:\WINDOWS\SYSTEM32\IPHLPAPI.DLL
0x00007ffff8e30000 - 0x00007ffff8efb000 	C:\WINDOWS\SYSTEM32\DNSAPI.dll
0x00007ffffb7d0000 - 0x00007ffffb7d8000 	C:\WINDOWS\System32\NSI.dll
0x00007ffff54f0000 - 0x00007ffff5502000 	C:\WINDOWS\System32\winrnr.dll
0x00007ffff0090000 - 0x00007ffff009a000 	C:\Windows\System32\rasadhlp.dll
0x00007fffeaf30000 - 0x00007fffeafb0000 	C:\WINDOWS\System32\fwpuclnt.dll
0x00007ffff9fd0000 - 0x00007ffff9ff7000 	C:\WINDOWS\System32\bcrypt.dll
0x00007ffff1b20000 - 0x00007ffff1b37000 	C:\WINDOWS\SYSTEM32\dhcpcsvc6.DLL
0x00007ffff0f80000 - 0x00007ffff0f9d000 	C:\WINDOWS\SYSTEM32\dhcpcsvc.DLL
0x00007ffff9300000 - 0x00007ffff9318000 	C:\WINDOWS\SYSTEM32\CRYPTSP.dll
0x00007ffff8a70000 - 0x00007ffff8aa4000 	C:\WINDOWS\system32\rsaenh.dll
0x00007ffff9940000 - 0x00007ffff996e000 	C:\WINDOWS\SYSTEM32\USERENV.dll
0x00007ffff9a40000 - 0x00007ffff9ac2000 	C:\WINDOWS\System32\bcryptprimitives.dll
0x00007ffff9320000 - 0x00007ffff932c000 	C:\WINDOWS\SYSTEM32\CRYPTBASE.dll
0x0000000077b10000 - 0x0000000077b34000 	C:\Program Files\Java\jdk1.8.0_25\jre\bin\sunec.dll
0x00007fffe6d30000 - 0x00007fffe6f14000 	C:\WINDOWS\SYSTEM32\dbghelp.dll

VM Arguments:
jvm_args: -ea -Didea.test.cyclic.buffer.size=1048576 -javaagent:C:\Program Files\JetBrains\IntelliJ IDEA Community Edition 2021.3.3\lib\idea_rt.jar=63283:C:\Program Files\JetBrains\IntelliJ IDEA Community Edition 2021.3.3\bin -Dfile.encoding=UTF-8 
java_command: com.intellij.rt.junit.JUnitStarter -ideVersion5 -junit5 com.team5.api2.controllertests.MapsControllerTest
java_class_path (initial): C:\Users\Nisarg\.m2\repository\org\junit\platform\junit-platform-launcher\1.8.2\junit-platform-launcher-1.8.2.jar;C:\Program Files\JetBrains\IntelliJ IDEA Community Edition 2021.3.3\lib\idea_rt.jar;C:\Program Files\JetBrains\IntelliJ IDEA Community Edition 2021.3.3\plugins\junit\lib\junit5-rt.jar;C:\Program Files\JetBrains\IntelliJ IDEA Community Edition 2021.3.3\plugins\junit\lib\junit-rt.jar;C:\Program Files\Java\jdk1.8.0_25\jre\lib\charsets.jar;C:\Program Files\Java\jdk1.8.0_25\jre\lib\deploy.jar;C:\Program Files\Java\jdk1.8.0_25\jre\lib\ext\access-bridge-64.jar;C:\Program Files\Java\jdk1.8.0_25\jre\lib\ext\cldrdata.jar;C:\Program Files\Java\jdk1.8.0_25\jre\lib\ext\dnsns.jar;C:\Program Files\Java\jdk1.8.0_25\jre\lib\ext\jaccess.jar;C:\Program Files\Java\jdk1.8.0_25\jre\lib\ext\jfxrt.jar;C:\Program Files\Java\jdk1.8.0_25\jre\lib\ext\localedata.jar;C:\Program Files\Java\jdk1.8.0_25\jre\lib\ext\nashorn.jar;C:\Program Files\Java\jdk1.8.0_25\jre\lib\ext\sunec.jar;C:\Program Files\Java\jdk1.8.0_25\jre\lib\ext\sunjce_provider.jar;C:\Program Files\Java\jdk1.8.0_25\jre\lib\ext\sunmscapi.jar;C:\Program Files\Java\jdk1.8.0_25\jre\lib\ext\sunpkcs11.jar;C:\Program Files\Java\jdk1.8.0_25\jre\lib\ext\zipfs.jar;C:\Program Files\Java\jdk1.8.0_25\jre\lib\javaws.jar;C:\Program Files\Java\jdk1.8.0_25\jre\lib\jce.jar;C:\Program Files\Java\jdk1.8.0_25\jre\lib\jfr.jar;C:\Program Files\Java\jdk1.8.0_25\jre\lib\jfxswt.jar;C:\Program Files\Java\jdk1.8.0_25\jre\lib\jsse.jar;C:\Program Files\Java\jdk1.8.0_25\jre\lib\management-agent.jar;C:\Program Files\Java\jdk1.8.0_25\jre\lib\plugin.jar;C:\Program Files\Java\jdk1.8.0_25\jre\lib\resources.jar;C:\Program Files\Java\jdk1.8.0_25\jre\lib\rt.jar;C:\Users\Nisarg\OneDrive\Revature-2022\Project_2\Team5-P2\api2\target\test-classes;C:\Users\Nisarg\OneDrive\Revature-2022\Project_2\Team5-P2\api2\target\classes;C:\Users\Nisarg\.m2\repository\org\springframework\boot\spring-boot-starter-web\2.6.7\spring-boot-starter-web-2.6.
Launcher Type: SUN_STANDARD

Environment Variables:
PATH=C:\Program Files (x86)\Common Files\Oracle\Java\javapath;C:\ProgramData\Oracle\Java\javapath;C:\WINDOWS\system32;C:\WINDOWS;C:\WINDOWS\System32\Wbem;C:\WINDOWS\System32\WindowsPowerShell\v1.0\;C:\WINDOWS\System32\OpenSSH\;C:\Program Files\Microsoft SQL Server\Client SDK\ODBC\130\Tools\Binn\;C:\Program Files (x86)\Microsoft SQL Server\130\Tools\Binn\;C:\Program Files\Microsoft SQL Server\130\Tools\Binn\;C:\Program Files\Microsoft SQL Server\130\DTS\Binn\;C:\Program Files\Git\cmd;C:\Program Files\nodejs\;C:\Program Files\Docker\Docker\resources\bin;C:\ProgramData\DockerDesktop\version-bin;C:\Program Files\Kubernetes\Minikube;C:\Users\Nisarg\AppData\Local\Microsoft\WindowsApps;;D:\Software\Microsoft VS Code\bin;C:\Users\Nisarg\AppData\Roaming\npm
USERNAME=Nisarg
OS=Windows_NT
PROCESSOR_IDENTIFIER=Intel64 Family 6 Model 69 Stepping 1, GenuineIntel



---------------  S Y S T E M  ---------------

OS: Windows 8.1 , 64 bit Build 9600 

CPU:total 4 (2 cores per cpu, 2 threads per core) family 6 model 69 stepping 1, cmov, cx8, fxsr, mmx, sse, sse2, sse3, ssse3, sse4.1, sse4.2, popcnt, avx, avx2, aes, clmul, erms, lzcnt, ht, tsc, tscinvbit, bmi1, bmi2

Memory: 4k page, physical 8266712k(1664704k free), swap 13771736k(5321172k free)

vm_info: Java HotSpot(TM) 64-Bit Server VM (25.25-b02) for windows-amd64 JRE (1.8.0_25-b18), built on Oct  7 2014 14:25:37 by "java_re" with MS VC++ 10.0 (VS2010)

time: Mon May 23 10:57:01 2022
elapsed time: 11 seconds (0d 0h 0m 11s)

